<?xml version="1.0" encoding="UTF-8"?>
<coverage generated="1769916137026" clover="3.2.0">
  <project timestamp="1769916137027" name="All files">
    <metrics statements="640" coveredstatements="640" conditionals="321" coveredconditionals="321" methods="133" coveredmethods="133" elements="1094" coveredelements="1094" complexity="0" loc="640" ncloc="640" packages="8" files="19" classes="19"/>
    <package name="main.clipboard">
      <metrics statements="171" coveredstatements="171" conditionals="60" coveredconditionals="60" methods="32" coveredmethods="32"/>
      <file name="data.ts" path="C:\Users\danes\OneDrive\Documents\Code Projects\clipless\src\main\clipboard\data.ts">
        <metrics statements="47" coveredstatements="47" conditionals="20" coveredconditionals="20" methods="11" coveredmethods="11"/>
        <line num="4" count="1" type="stmt"/>
        <line num="6" count="8" type="stmt"/>
        <line num="7" count="8" type="cond" truecount="4" falsecount="0"/>
        <line num="8" count="2" type="stmt"/>
        <line num="11" count="6" type="stmt"/>
        <line num="12" count="6" type="cond" truecount="4" falsecount="0"/>
        <line num="13" count="1" type="stmt"/>
        <line num="16" count="5" type="stmt"/>
        <line num="17" count="5" type="cond" truecount="4" falsecount="0"/>
        <line num="18" count="1" type="stmt"/>
        <line num="21" count="4" type="stmt"/>
        <line num="22" count="4" type="cond" truecount="2" falsecount="0"/>
        <line num="23" count="1" type="stmt"/>
        <line num="26" count="3" type="stmt"/>
        <line num="27" count="3" type="stmt"/>
        <line num="28" count="3" type="cond" truecount="4" falsecount="0"/>
        <line num="29" count="1" type="stmt"/>
        <line num="35" count="2" type="stmt"/>
        <line num="39" count="1" type="stmt"/>
        <line num="40" count="1" type="stmt"/>
        <line num="41" count="1" type="stmt"/>
        <line num="43" count="1" type="stmt"/>
        <line num="44" count="2" type="stmt"/>
        <line num="45" count="2" type="cond" truecount="2" falsecount="0"/>
        <line num="46" count="1" type="stmt"/>
        <line num="48" count="1" type="stmt"/>
        <line num="51" count="1" type="stmt"/>
        <line num="52" count="2" type="stmt"/>
        <line num="53" count="2" type="stmt"/>
        <line num="55" count="1" type="stmt"/>
        <line num="60" count="1" type="stmt"/>
        <line num="61" count="1" type="stmt"/>
        <line num="64" count="1" type="stmt"/>
        <line num="65" count="1" type="stmt"/>
        <line num="68" count="1" type="stmt"/>
        <line num="69" count="1" type="stmt"/>
        <line num="72" count="1" type="stmt"/>
        <line num="73" count="2" type="stmt"/>
        <line num="75" count="2" type="stmt"/>
        <line num="76" count="2" type="stmt"/>
        <line num="78" count="1" type="stmt"/>
        <line num="79" count="1" type="stmt"/>
        <line num="83" count="1" type="stmt"/>
        <line num="89" count="2" type="stmt"/>
        <line num="91" count="2" type="stmt"/>
        <line num="96" count="1" type="stmt"/>
        <line num="97" count="1" type="stmt"/>
      </file>
      <file name="quick-clips.ts" path="C:\Users\danes\OneDrive\Documents\Code Projects\clipless\src\main\clipboard\quick-clips.ts">
        <metrics statements="85" coveredstatements="85" conditionals="36" coveredconditionals="36" methods="14" coveredmethods="14"/>
        <line num="6" count="1" type="stmt"/>
        <line num="7" count="10" type="stmt"/>
        <line num="8" count="10" type="stmt"/>
        <line num="9" count="9" type="stmt"/>
        <line num="11" count="9" type="stmt"/>
        <line num="12" count="9" type="cond" truecount="2" falsecount="0"/>
        <line num="14" count="8" type="stmt"/>
        <line num="15" count="8" type="stmt"/>
        <line num="18" count="8" type="stmt"/>
        <line num="19" count="8" type="stmt"/>
        <line num="22" count="8" type="cond" truecount="2" falsecount="0"/>
        <line num="23" count="6" type="stmt"/>
        <line num="24" count="8" type="cond" truecount="5" falsecount="0"/>
        <line num="25" count="7" type="stmt"/>
        <line num="30" count="8" type="cond" truecount="2" falsecount="0"/>
        <line num="31" count="6" type="stmt"/>
        <line num="39" count="1" type="stmt"/>
        <line num="44" count="9" type="stmt"/>
        <line num="46" count="1" type="stmt"/>
        <line num="47" count="1" type="stmt"/>
        <line num="51" count="1" type="stmt"/>
        <line num="52" count="13" type="stmt"/>
        <line num="53" count="13" type="stmt"/>
        <line num="55" count="12" type="stmt"/>
        <line num="56" count="12" type="stmt"/>
        <line num="57" count="12" type="cond" truecount="2" falsecount="0"/>
        <line num="60" count="11" type="stmt"/>
        <line num="61" count="11" type="stmt"/>
        <line num="64" count="11" type="cond" truecount="2" falsecount="0"/>
        <line num="67" count="9" type="stmt"/>
        <line num="68" count="9" type="stmt"/>
        <line num="71" count="9" type="stmt"/>
        <line num="74" count="9" type="stmt"/>
        <line num="76" count="9" type="cond" truecount="2" falsecount="0"/>
        <line num="78" count="1" type="stmt"/>
        <line num="81" count="8" type="stmt"/>
        <line num="83" count="8" type="stmt"/>
        <line num="84" count="11" type="stmt"/>
        <line num="85" count="11" type="stmt"/>
        <line num="86" count="14" type="stmt"/>
        <line num="89" count="11" type="stmt"/>
        <line num="90" count="11" type="stmt"/>
        <line num="91" count="11" type="stmt"/>
        <line num="92" count="14" type="cond" truecount="4" falsecount="0"/>
        <line num="93" count="13" type="stmt"/>
        <line num="95" count="13" type="cond" truecount="2" falsecount="0"/>
        <line num="96" count="3" type="stmt"/>
        <line num="101" count="11" type="stmt"/>
        <line num="105" count="11" type="cond" truecount="2" falsecount="0"/>
        <line num="107" count="7" type="cond" truecount="2" falsecount="0"/>
        <line num="112" count="1" type="stmt"/>
        <line num="115" count="6" type="stmt"/>
        <line num="116" count="9" type="cond" truecount="2" falsecount="0"/>
        <line num="117" count="6" type="stmt"/>
        <line num="118" count="6" type="stmt"/>
        <line num="120" count="8" type="cond" truecount="2" falsecount="0"/>
        <line num="121" count="8" type="stmt"/>
        <line num="126" count="3" type="stmt"/>
        <line num="127" count="3" type="stmt"/>
        <line num="128" count="3" type="stmt"/>
        <line num="130" count="3" type="stmt"/>
        <line num="131" count="4" type="stmt"/>
        <line num="133" count="6" type="cond" truecount="2" falsecount="0"/>
        <line num="134" count="6" type="stmt"/>
        <line num="135" count="6" type="stmt"/>
        <line num="139" count="3" type="stmt"/>
        <line num="142" count="6" type="stmt"/>
        <line num="143" count="10" type="stmt"/>
        <line num="149" count="9" type="stmt"/>
        <line num="150" count="12" type="stmt"/>
        <line num="154" count="1" type="stmt"/>
        <line num="155" count="1" type="stmt"/>
        <line num="159" count="1" type="stmt"/>
        <line num="160" count="2" type="stmt"/>
        <line num="161" count="2" type="stmt"/>
        <line num="162" count="1" type="stmt"/>
        <line num="163" count="1" type="stmt"/>
        <line num="165" count="1" type="stmt"/>
        <line num="172" count="1" type="stmt"/>
        <line num="173" count="1" type="stmt"/>
        <line num="177" count="1" type="stmt"/>
        <line num="178" count="2" type="stmt"/>
        <line num="180" count="2" type="stmt"/>
        <line num="182" count="1" type="stmt"/>
        <line num="183" count="1" type="stmt"/>
      </file>
      <file name="quick-tools.ts" path="C:\Users\danes\OneDrive\Documents\Code Projects\clipless\src\main\clipboard\quick-tools.ts">
        <metrics statements="39" coveredstatements="39" conditionals="4" coveredconditionals="4" methods="7" coveredmethods="7"/>
        <line num="4" count="1" type="stmt"/>
        <line num="5" count="2" type="stmt"/>
        <line num="6" count="2" type="stmt"/>
        <line num="8" count="1" type="stmt"/>
        <line num="9" count="1" type="stmt"/>
        <line num="13" count="1" type="stmt"/>
        <line num="14" count="2" type="stmt"/>
        <line num="15" count="2" type="stmt"/>
        <line num="17" count="1" type="stmt"/>
        <line num="18" count="1" type="stmt"/>
        <line num="22" count="1" type="stmt"/>
        <line num="23" count="2" type="stmt"/>
        <line num="24" count="2" type="stmt"/>
        <line num="26" count="1" type="stmt"/>
        <line num="27" count="1" type="stmt"/>
        <line num="31" count="1" type="stmt"/>
        <line num="32" count="2" type="stmt"/>
        <line num="33" count="2" type="stmt"/>
        <line num="35" count="1" type="stmt"/>
        <line num="36" count="1" type="stmt"/>
        <line num="40" count="1" type="stmt"/>
        <line num="41" count="2" type="stmt"/>
        <line num="42" count="2" type="stmt"/>
        <line num="44" count="1" type="stmt"/>
        <line num="45" count="1" type="stmt"/>
        <line num="49" count="1" type="stmt"/>
        <line num="50" count="7" type="stmt"/>
        <line num="51" count="7" type="stmt"/>
        <line num="54" count="7" type="stmt"/>
        <line num="55" count="7" type="stmt"/>
        <line num="57" count="2" type="stmt"/>
        <line num="61" count="7" type="cond" truecount="2" falsecount="0"/>
        <line num="62" count="7" type="stmt"/>
        <line num="64" count="7" type="stmt"/>
        <line num="65" count="6" type="cond" truecount="2" falsecount="0"/>
        <line num="66" count="3" type="stmt"/>
        <line num="70" count="6" type="stmt"/>
        <line num="75" count="1" type="stmt"/>
        <line num="76" count="1" type="stmt"/>
      </file>
    </package>
    <package name="main.hotkeys">
      <metrics statements="159" coveredstatements="159" conditionals="70" coveredconditionals="70" methods="31" coveredmethods="31"/>
      <file name="actions.ts" path="C:\Users\danes\OneDrive\Documents\Code Projects\clipless\src\main\hotkeys\actions.ts">
        <metrics statements="74" coveredstatements="74" conditionals="48" coveredconditionals="48" methods="7" coveredmethods="7"/>
        <line num="9" count="45" type="stmt"/>
        <line num="12" count="33" type="stmt"/>
        <line num="19" count="7" type="cond" truecount="2" falsecount="0"/>
        <line num="21" count="5" type="stmt"/>
        <line num="23" count="5" type="cond" truecount="4" falsecount="0"/>
        <line num="24" count="1" type="stmt"/>
        <line num="25" count="1" type="stmt"/>
        <line num="29" count="3" type="cond" truecount="2" falsecount="0"/>
        <line num="30" count="1" type="stmt"/>
        <line num="33" count="3" type="stmt"/>
        <line num="34" count="3" type="stmt"/>
        <line num="37" count="3" type="cond" truecount="2" falsecount="0"/>
        <line num="38" count="1" type="stmt"/>
        <line num="41" count="1" type="stmt"/>
        <line num="49" count="15" type="stmt"/>
        <line num="50" count="15" type="stmt"/>
        <line num="51" count="14" type="cond" truecount="4" falsecount="0"/>
        <line num="52" count="2" type="stmt"/>
        <line num="53" count="2" type="stmt"/>
        <line num="56" count="12" type="stmt"/>
        <line num="57" count="12" type="cond" truecount="2" falsecount="0"/>
        <line num="58" count="1" type="stmt"/>
        <line num="59" count="1" type="stmt"/>
        <line num="63" count="11" type="cond" truecount="4" falsecount="0"/>
        <line num="64" count="10" type="stmt"/>
        <line num="68" count="11" type="stmt"/>
        <line num="70" count="11" type="stmt"/>
        <line num="71" count="11" type="stmt"/>
        <line num="73" count="1" type="stmt"/>
        <line num="81" count="11" type="cond" truecount="6" falsecount="0"/>
        <line num="83" count="3" type="stmt"/>
        <line num="84" count="3" type="stmt"/>
        <line num="86" count="1" type="stmt"/>
        <line num="87" count="1" type="stmt"/>
        <line num="89" count="1" type="stmt"/>
        <line num="90" count="1" type="stmt"/>
        <line num="92" count="2" type="cond" truecount="4" falsecount="0"/>
        <line num="93" count="1" type="stmt"/>
        <line num="95" count="1" type="stmt"/>
        <line num="97" count="2" type="stmt"/>
        <line num="99" count="3" type="stmt"/>
        <line num="100" count="3" type="stmt"/>
        <line num="102" count="1" type="stmt"/>
        <line num="110" count="3" type="stmt"/>
        <line num="111" count="3" type="stmt"/>
        <line num="112" count="3" type="cond" truecount="2" falsecount="0"/>
        <line num="113" count="1" type="stmt"/>
        <line num="116" count="1" type="stmt"/>
        <line num="119" count="1" type="stmt"/>
        <line num="120" count="1" type="stmt"/>
        <line num="128" count="7" type="cond" truecount="2" falsecount="0"/>
        <line num="130" count="5" type="stmt"/>
        <line num="131" count="5" type="cond" truecount="4" falsecount="0"/>
        <line num="132" count="3" type="cond" truecount="2" falsecount="0"/>
        <line num="133" count="1" type="stmt"/>
        <line num="135" count="3" type="stmt"/>
        <line num="136" count="3" type="stmt"/>
        <line num="137" count="3" type="cond" truecount="2" falsecount="0"/>
        <line num="138" count="1" type="stmt"/>
        <line num="142" count="4" type="stmt"/>
        <line num="144" count="1" type="stmt"/>
        <line num="152" count="5" type="stmt"/>
        <line num="153" count="5" type="stmt"/>
        <line num="154" count="4" type="cond" truecount="4" falsecount="0"/>
        <line num="155" count="2" type="stmt"/>
        <line num="156" count="2" type="stmt"/>
        <line num="159" count="2" type="stmt"/>
        <line num="160" count="2" type="cond" truecount="2" falsecount="0"/>
        <line num="161" count="1" type="stmt"/>
        <line num="162" count="1" type="stmt"/>
        <line num="166" count="1" type="stmt"/>
        <line num="169" count="1" type="stmt"/>
        <line num="171" count="1" type="stmt"/>
        <line num="173" count="1" type="stmt"/>
      </file>
      <file name="manager.ts" path="C:\Users\danes\OneDrive\Documents\Code Projects\clipless\src\main\hotkeys\manager.ts">
        <metrics statements="60" coveredstatements="60" conditionals="18" coveredconditionals="18" methods="16" coveredmethods="16"/>
        <line num="10" count="15" type="stmt"/>
        <line num="11" count="15" type="stmt"/>
        <line num="14" count="1" type="stmt"/>
        <line num="18" count="15" type="stmt"/>
        <line num="19" count="15" type="cond" truecount="2" falsecount="0"/>
        <line num="20" count="1" type="stmt"/>
        <line num="21" count="1" type="stmt"/>
        <line num="24" count="14" type="stmt"/>
        <line num="25" count="14" type="stmt"/>
        <line num="26" count="14" type="stmt"/>
        <line num="27" count="14" type="stmt"/>
        <line num="28" count="14" type="stmt"/>
        <line num="30" count="1" type="stmt"/>
        <line num="35" count="16" type="stmt"/>
        <line num="37" count="16" type="stmt"/>
        <line num="39" count="16" type="stmt"/>
        <line num="40" count="14" type="stmt"/>
        <line num="42" count="14" type="cond" truecount="2" falsecount="0"/>
        <line num="43" count="9" type="stmt"/>
        <line num="44" count="9" type="stmt"/>
        <line num="47" count="5" type="stmt"/>
        <line num="48" count="5" type="stmt"/>
        <line num="51" count="5" type="stmt"/>
        <line num="54" count="5" type="stmt"/>
        <line num="57" count="5" type="stmt"/>
        <line num="60" count="5" type="stmt"/>
        <line num="62" count="2" type="stmt"/>
        <line num="67" count="5" type="cond" truecount="2" falsecount="0"/>
        <line num="68" count="3" type="stmt"/>
        <line num="71" count="3" type="stmt"/>
        <line num="72" count="1" type="stmt"/>
        <line num="79" count="5" type="stmt"/>
        <line num="87" count="5" type="stmt"/>
        <line num="88" count="25" type="cond" truecount="2" falsecount="0"/>
        <line num="89" count="2" type="stmt"/>
        <line num="92" count="2" type="stmt"/>
        <line num="93" count="1" type="stmt"/>
        <line num="101" count="5" type="cond" truecount="2" falsecount="0"/>
        <line num="106" count="5" type="cond" truecount="2" falsecount="0"/>
        <line num="107" count="3" type="stmt"/>
        <line num="110" count="3" type="stmt"/>
        <line num="111" count="1" type="stmt"/>
        <line num="117" count="5" type="cond" truecount="2" falsecount="0"/>
        <line num="122" count="5" type="cond" truecount="2" falsecount="0"/>
        <line num="123" count="3" type="stmt"/>
        <line num="126" count="3" type="stmt"/>
        <line num="127" count="1" type="stmt"/>
        <line num="133" count="4" type="stmt"/>
        <line num="137" count="4" type="cond" truecount="2" falsecount="0"/>
        <line num="138" count="1" type="stmt"/>
        <line num="139" count="1" type="stmt"/>
        <line num="140" count="1" type="stmt"/>
        <line num="143" count="3" type="stmt"/>
        <line num="144" count="3" type="stmt"/>
        <line num="145" count="3" type="stmt"/>
        <line num="147" count="1" type="stmt"/>
        <line num="152" count="1" type="stmt"/>
        <line num="157" count="1" type="stmt"/>
        <line num="161" count="1" type="stmt"/>
        <line num="165" count="4" type="stmt"/>
      </file>
      <file name="registry.ts" path="C:\Users\danes\OneDrive\Documents\Code Projects\clipless\src\main\hotkeys\registry.ts">
        <metrics statements="25" coveredstatements="25" conditionals="4" coveredconditionals="4" methods="8" coveredmethods="8"/>
        <line num="8" count="25" type="stmt"/>
        <line num="14" count="28" type="stmt"/>
        <line num="18" count="14" type="stmt"/>
        <line num="25" count="24" type="stmt"/>
        <line num="27" count="24" type="cond" truecount="2" falsecount="0"/>
        <line num="28" count="1" type="stmt"/>
        <line num="29" count="1" type="stmt"/>
        <line num="32" count="23" type="stmt"/>
        <line num="33" count="23" type="cond" truecount="2" falsecount="0"/>
        <line num="34" count="21" type="stmt"/>
        <line num="35" count="21" type="stmt"/>
        <line num="36" count="21" type="stmt"/>
        <line num="38" count="1" type="stmt"/>
        <line num="39" count="1" type="stmt"/>
        <line num="42" count="1" type="stmt"/>
        <line num="43" count="1" type="stmt"/>
        <line num="51" count="20" type="stmt"/>
        <line num="52" count="5" type="stmt"/>
        <line num="53" count="5" type="stmt"/>
        <line num="55" count="1" type="stmt"/>
        <line num="58" count="20" type="stmt"/>
        <line num="65" count="5" type="stmt"/>
        <line num="72" count="3" type="stmt"/>
        <line num="79" count="2" type="stmt"/>
        <line num="80" count="2" type="stmt"/>
      </file>
    </package>
    <package name="main.storage">
      <metrics statements="74" coveredstatements="74" conditionals="68" coveredconditionals="68" methods="27" coveredmethods="27"/>
      <file name="defaults.ts" path="C:\Users\danes\OneDrive\Documents\Code Projects\clipless\src\main\storage\defaults.ts">
        <metrics statements="3" coveredstatements="3" conditionals="0" coveredconditionals="0" methods="0" coveredmethods="0"/>
        <line num="4" count="1" type="stmt"/>
        <line num="40" count="1" type="stmt"/>
        <line num="54" count="1" type="stmt"/>
      </file>
      <file name="file-operations.ts" path="C:\Users\danes\OneDrive\Documents\Code Projects\clipless\src\main\storage\file-operations.ts">
        <metrics statements="25" coveredstatements="25" conditionals="2" coveredconditionals="2" methods="4" coveredmethods="4"/>
        <line num="8" count="3" type="stmt"/>
        <line num="10" count="3" type="stmt"/>
        <line num="12" count="3" type="stmt"/>
        <line num="15" count="3" type="stmt"/>
        <line num="18" count="3" type="stmt"/>
        <line num="19" count="3" type="stmt"/>
        <line num="25" count="3" type="stmt"/>
        <line num="26" count="2" type="stmt"/>
        <line num="28" count="2" type="stmt"/>
        <line num="31" count="1" type="stmt"/>
        <line num="32" count="1" type="stmt"/>
        <line num="37" count="1" type="stmt"/>
        <line num="38" count="1" type="stmt"/>
        <line num="46" count="3" type="stmt"/>
        <line num="48" count="3" type="stmt"/>
        <line num="51" count="2" type="stmt"/>
        <line num="54" count="1" type="stmt"/>
        <line num="55" count="1" type="stmt"/>
        <line num="58" count="1" type="stmt"/>
        <line num="60" count="2" type="cond" truecount="2" falsecount="0"/>
        <line num="62" count="1" type="stmt"/>
        <line num="64" count="1" type="stmt"/>
        <line num="65" count="1" type="stmt"/>
        <line num="74" count="1" type="stmt"/>
        <line num="81" count="2" type="stmt"/>
      </file>
      <file name="migration.ts" path="C:\Users\danes\OneDrive\Documents\Code Projects\clipless\src\main\storage\migration.ts">
        <metrics statements="18" coveredstatements="18" conditionals="50" coveredconditionals="50" methods="5" coveredmethods="5"/>
        <line num="9" count="11" type="stmt"/>
        <line num="12" count="11" type="cond" truecount="4" falsecount="0"/>
        <line num="13" count="2" type="stmt"/>
        <line num="15" count="5" type="cond" truecount="3" falsecount="0"/>
        <line num="20" count="11" type="cond" truecount="4" falsecount="0"/>
        <line num="21" count="1" type="stmt"/>
        <line num="28" count="11" type="cond" truecount="4" falsecount="0"/>
        <line num="29" count="2" type="stmt"/>
        <line num="31" count="3" type="cond" truecount="7" falsecount="0"/>
        <line num="42" count="11" type="cond" truecount="4" falsecount="0"/>
        <line num="43" count="1" type="stmt"/>
        <line num="45" count="1" type="cond" truecount="8" falsecount="0"/>
        <line num="57" count="11" type="cond" truecount="4" falsecount="0"/>
        <line num="58" count="1" type="stmt"/>
        <line num="60" count="1" type="cond" truecount="8" falsecount="0"/>
        <line num="72" count="11" type="cond" truecount="4" falsecount="0"/>
        <line num="73" count="1" type="stmt"/>
        <line num="76" count="11" type="stmt"/>
      </file>
      <file name="search-terms.ts" path="C:\Users\danes\OneDrive\Documents\Code Projects\clipless\src\main\storage\search-terms.ts">
        <metrics statements="5" coveredstatements="5" conditionals="0" coveredconditionals="0" methods="7" coveredmethods="7"/>
        <line num="7" count="2" type="stmt"/>
        <line num="14" count="1" type="stmt"/>
        <line num="32" count="1" type="stmt"/>
        <line num="43" count="5" type="stmt"/>
        <line num="50" count="2" type="stmt"/>
      </file>
      <file name="templates.ts" path="C:\Users\danes\OneDrive\Documents\Code Projects\clipless\src\main\storage\templates.ts">
        <metrics statements="23" coveredstatements="23" conditionals="16" coveredconditionals="16" methods="11" coveredmethods="11"/>
        <line num="7" count="2" type="stmt"/>
        <line num="14" count="1" type="stmt"/>
        <line num="28" count="1" type="stmt"/>
        <line num="39" count="5" type="stmt"/>
        <line num="46" count="2" type="stmt"/>
        <line num="59" count="6" type="stmt"/>
        <line num="60" count="6" type="stmt"/>
        <line num="61" count="6" type="stmt"/>
        <line num="64" count="6" type="stmt"/>
        <line num="65" count="10" type="stmt"/>
        <line num="66" count="10" type="cond" truecount="2" falsecount="0"/>
        <line num="67" count="5" type="cond" truecount="2" falsecount="0"/>
        <line num="69" count="5" type="cond" truecount="2" falsecount="0"/>
        <line num="73" count="6" type="stmt"/>
        <line num="84" count="9" type="stmt"/>
        <line num="87" count="9" type="cond" truecount="2" falsecount="0"/>
        <line num="88" count="4" type="stmt"/>
        <line num="89" count="6" type="cond" truecount="2" falsecount="0"/>
        <line num="90" count="4" type="cond" truecount="2" falsecount="0"/>
        <line num="95" count="9" type="stmt"/>
        <line num="96" count="8" type="stmt"/>
        <line num="97" count="8" type="cond" truecount="4" falsecount="0"/>
        <line num="100" count="9" type="stmt"/>
      </file>
    </package>
    <package name="renderer.src.components.clips.clip">
      <metrics statements="102" coveredstatements="102" conditionals="59" coveredconditionals="59" methods="16" coveredmethods="16"/>
      <file name="BookmarkClip.tsx" path="C:\Users\danes\OneDrive\Documents\Code Projects\clipless\src\renderer\src\components\clips\clip\BookmarkClip.tsx">
        <metrics statements="3" coveredstatements="3" conditionals="2" coveredconditionals="2" methods="1" coveredmethods="1"/>
        <line num="10" count="1" type="stmt"/>
        <line num="11" count="2" type="stmt"/>
        <line num="13" count="2" type="stmt"/>
      </file>
      <file name="HtmlClip.tsx" path="C:\Users\danes\OneDrive\Documents\Code Projects\clipless\src\renderer\src\components\clips\clip\HtmlClip.tsx">
        <metrics statements="3" coveredstatements="3" conditionals="0" coveredconditionals="0" methods="1" coveredmethods="1"/>
        <line num="10" count="1" type="stmt"/>
        <line num="11" count="1" type="stmt"/>
        <line num="12" count="1" type="stmt"/>
      </file>
      <file name="ImageClip.tsx" path="C:\Users\danes\OneDrive\Documents\Code Projects\clipless\src\renderer\src\components\clips\clip\ImageClip.tsx">
        <metrics statements="32" coveredstatements="32" conditionals="13" coveredconditionals="13" methods="3" coveredmethods="3"/>
        <line num="11" count="1" type="stmt"/>
        <line num="12" count="11" type="stmt"/>
        <line num="13" count="11" type="stmt"/>
        <line num="15" count="11" type="stmt"/>
        <line num="16" count="5" type="stmt"/>
        <line num="18" count="5" type="cond" truecount="1" falsecount="0"/>
        <line num="19" count="5" type="stmt"/>
        <line num="20" count="5" type="stmt"/>
        <line num="21" count="5" type="stmt"/>
        <line num="22" count="5" type="stmt"/>
        <line num="23" count="5" type="stmt"/>
        <line num="26" count="5" type="stmt"/>
        <line num="27" count="5" type="stmt"/>
        <line num="30" count="5" type="cond" truecount="2" falsecount="0"/>
        <line num="32" count="2" type="stmt"/>
        <line num="36" count="5" type="cond" truecount="2" falsecount="0"/>
        <line num="37" count="1" type="stmt"/>
        <line num="41" count="5" type="cond" truecount="2" falsecount="0"/>
        <line num="43" count="1" type="stmt"/>
        <line num="47" count="5" type="cond" truecount="2" falsecount="0"/>
        <line num="48" count="4" type="stmt"/>
        <line num="51" count="5" type="stmt"/>
        <line num="52" count="5" type="stmt"/>
        <line num="53" count="5" type="stmt"/>
        <line num="57" count="11" type="stmt"/>
        <line num="66" count="2" type="stmt"/>
        <line num="67" count="2" type="stmt"/>
        <line num="68" count="2" type="stmt"/>
        <line num="69" count="2" type="stmt"/>
        <line num="70" count="2" type="cond" truecount="2" falsecount="0"/>
        <line num="71" count="2" type="stmt"/>
        <line num="72" count="2" type="stmt"/>
      </file>
      <file name="TextClip.tsx" path="C:\Users\danes\OneDrive\Documents\Code Projects\clipless\src\renderer\src\components\clips\clip\TextClip.tsx">
        <metrics statements="64" coveredstatements="64" conditionals="44" coveredconditionals="44" methods="11" coveredmethods="11"/>
        <line num="17" count="1" type="stmt"/>
        <line num="18" count="62" type="stmt"/>
        <line num="19" count="62" type="stmt"/>
        <line num="22" count="62" type="stmt"/>
        <line num="23" count="62" type="stmt"/>
        <line num="24" count="62" type="stmt"/>
        <line num="25" count="62" type="stmt"/>
        <line num="28" count="62" type="stmt"/>
        <line num="29" count="62" type="cond" truecount="4" falsecount="0"/>
        <line num="30" count="28" type="stmt"/>
        <line num="31" count="28" type="stmt"/>
        <line num="32" count="28" type="stmt"/>
        <line num="33" count="28" type="stmt"/>
        <line num="36" count="28" type="stmt"/>
        <line num="37" count="28" type="cond" truecount="2" falsecount="0"/>
        <line num="38" count="4" type="stmt"/>
        <line num="44" count="62" type="stmt"/>
        <line num="46" count="9" type="cond" truecount="2" falsecount="0"/>
        <line num="47" count="2" type="stmt"/>
        <line num="50" count="9" type="stmt"/>
        <line num="52" count="2" type="cond" truecount="1" falsecount="0"/>
        <line num="53" count="2" type="stmt"/>
        <line num="61" count="62" type="stmt"/>
        <line num="62" count="26" type="stmt"/>
        <line num="63" count="26" type="cond" truecount="2" falsecount="0"/>
        <line num="64" count="7" type="stmt"/>
        <line num="69" count="62" type="stmt"/>
        <line num="70" count="20" type="cond" truecount="2" falsecount="0"/>
        <line num="71" count="19" type="stmt"/>
        <line num="72" count="19" type="stmt"/>
        <line num="73" count="19" type="stmt"/>
        <line num="77" count="62" type="stmt"/>
        <line num="78" count="9" type="stmt"/>
        <line num="79" count="9" type="stmt"/>
        <line num="80" count="9" type="stmt"/>
        <line num="83" count="62" type="stmt"/>
        <line num="84" count="5" type="stmt"/>
        <line num="85" count="5" type="stmt"/>
        <line num="87" count="5" type="cond" truecount="2" falsecount="0"/>
        <line num="88" count="3" type="stmt"/>
        <line num="89" count="3" type="cond" truecount="2" falsecount="0"/>
        <line num="90" count="2" type="stmt"/>
        <line num="95" count="62" type="stmt"/>
        <line num="96" count="6" type="cond" truecount="4" falsecount="0"/>
        <line num="97" count="1" type="stmt"/>
        <line num="98" count="1" type="stmt"/>
        <line num="99" count="5" type="cond" truecount="2" falsecount="0"/>
        <line num="100" count="3" type="stmt"/>
        <line num="101" count="3" type="stmt"/>
        <line num="102" count="3" type="stmt"/>
        <line num="103" count="3" type="cond" truecount="2" falsecount="0"/>
        <line num="104" count="1" type="stmt"/>
        <line num="109" count="62" type="cond" truecount="2" falsecount="0"/>
        <line num="111" count="28" type="cond" truecount="3" falsecount="0"/>
        <line num="113" count="28" type="cond" truecount="2" falsecount="0"/>
        <line num="114" count="4" type="stmt"/>
        <line num="115" count="4" type="cond" truecount="2" falsecount="0"/>
        <line num="116" count="4" type="cond" truecount="2" falsecount="0"/>
        <line num="117" count="4" type="cond" truecount="2" falsecount="0"/>
        <line num="119" count="4" type="stmt"/>
        <line num="149" count="4" type="stmt"/>
        <line num="181" count="24" type="stmt"/>
        <line num="205" count="34" type="cond" truecount="2" falsecount="0"/>
        <line num="209" count="34" type="stmt"/>
      </file>
    </package>
    <package name="renderer.src.hooks">
      <metrics statements="27" coveredstatements="27" conditionals="10" coveredconditionals="10" methods="4" coveredmethods="4"/>
      <file name="usePatternDetection.ts" path="C:\Users\danes\OneDrive\Documents\Code Projects\clipless\src\renderer\src\hooks\usePatternDetection.ts">
        <metrics statements="27" coveredstatements="27" conditionals="10" coveredconditionals="10" methods="4" coveredmethods="4"/>
        <line num="8" count="22" type="stmt"/>
        <line num="9" count="22" type="stmt"/>
        <line num="10" count="22" type="stmt"/>
        <line num="12" count="22" type="stmt"/>
        <line num="13" count="11" type="stmt"/>
        <line num="15" count="11" type="cond" truecount="4" falsecount="0"/>
        <line num="16" count="3" type="stmt"/>
        <line num="17" count="3" type="stmt"/>
        <line num="18" count="3" type="stmt"/>
        <line num="21" count="8" type="stmt"/>
        <line num="22" count="7" type="stmt"/>
        <line num="23" count="7" type="stmt"/>
        <line num="24" count="7" type="stmt"/>
        <line num="26" count="4" type="cond" truecount="2" falsecount="0"/>
        <line num="27" count="3" type="stmt"/>
        <line num="28" count="3" type="stmt"/>
        <line num="31" count="3" type="stmt"/>
        <line num="32" count="3" type="cond" truecount="2" falsecount="0"/>
        <line num="33" count="2" type="stmt"/>
        <line num="34" count="2" type="stmt"/>
        <line num="37" count="7" type="cond" truecount="2" falsecount="0"/>
        <line num="38" count="5" type="stmt"/>
        <line num="44" count="8" type="stmt"/>
        <line num="46" count="8" type="stmt"/>
        <line num="47" count="4" type="stmt"/>
        <line num="48" count="4" type="stmt"/>
        <line num="52" count="22" type="stmt"/>
      </file>
    </package>
    <package name="renderer.src.providers">
      <metrics statements="54" coveredstatements="54" conditionals="20" coveredconditionals="20" methods="11" coveredmethods="11"/>
      <file name="theme.tsx" path="C:\Users\danes\OneDrive\Documents\Code Projects\clipless\src\renderer\src\providers\theme.tsx">
        <metrics statements="54" coveredstatements="54" conditionals="20" coveredconditionals="20" methods="11" coveredmethods="11"/>
        <line num="21" count="1" type="stmt"/>
        <line num="27" count="1" type="stmt"/>
        <line num="28" count="32" type="stmt"/>
        <line num="29" count="32" type="stmt"/>
        <line num="32" count="32" type="stmt"/>
        <line num="35" count="20" type="cond" truecount="2" falsecount="0"/>
        <line num="36" count="14" type="cond" truecount="2" falsecount="0"/>
        <line num="38" count="6" type="stmt"/>
        <line num="41" count="20" type="stmt"/>
        <line num="44" count="20" type="cond" truecount="2" falsecount="0"/>
        <line num="45" count="16" type="stmt"/>
        <line num="46" count="16" type="stmt"/>
        <line num="48" count="4" type="stmt"/>
        <line num="49" count="4" type="stmt"/>
        <line num="54" count="32" type="stmt"/>
        <line num="55" count="15" type="stmt"/>
        <line num="56" count="15" type="cond" truecount="2" falsecount="0"/>
        <line num="58" count="14" type="stmt"/>
        <line num="59" count="14" type="stmt"/>
        <line num="60" count="13" type="cond" truecount="2" falsecount="0"/>
        <line num="61" count="15" type="stmt"/>
        <line num="62" count="15" type="stmt"/>
        <line num="64" count="1" type="stmt"/>
        <line num="66" count="1" type="stmt"/>
        <line num="70" count="15" type="stmt"/>
        <line num="74" count="32" type="stmt"/>
        <line num="75" count="15" type="cond" truecount="2" falsecount="0"/>
        <line num="77" count="13" type="stmt"/>
        <line num="78" count="2" type="cond" truecount="2" falsecount="0"/>
        <line num="79" count="1" type="stmt"/>
        <line num="80" count="1" type="stmt"/>
        <line num="85" count="13" type="stmt"/>
        <line num="88" count="13" type="stmt"/>
        <line num="92" count="32" type="stmt"/>
        <line num="93" count="24" type="cond" truecount="2" falsecount="0"/>
        <line num="95" count="18" type="stmt"/>
        <line num="96" count="18" type="stmt"/>
        <line num="98" count="18" type="stmt"/>
        <line num="99" count="18" type="stmt"/>
        <line num="102" count="32" type="stmt"/>
        <line num="103" count="4" type="stmt"/>
        <line num="104" count="4" type="stmt"/>
        <line num="107" count="4" type="cond" truecount="2" falsecount="0"/>
        <line num="108" count="3" type="stmt"/>
        <line num="109" count="3" type="stmt"/>
        <line num="110" count="3" type="stmt"/>
        <line num="115" count="1" type="stmt"/>
        <line num="120" count="32" type="stmt"/>
        <line num="128" count="32" type="stmt"/>
        <line num="131" count="1" type="stmt"/>
        <line num="132" count="35" type="stmt"/>
        <line num="133" count="35" type="cond" truecount="2" falsecount="0"/>
        <line num="134" count="2" type="stmt"/>
        <line num="136" count="32" type="stmt"/>
      </file>
    </package>
    <package name="renderer.src.utils">
      <metrics statements="52" coveredstatements="52" conditionals="34" coveredconditionals="34" methods="12" coveredmethods="12"/>
      <file name="languageDetection.ts" path="C:\Users\danes\OneDrive\Documents\Code Projects\clipless\src\renderer\src\utils\languageDetection.ts">
        <metrics statements="52" coveredstatements="52" conditionals="34" coveredconditionals="34" methods="12" coveredmethods="12"/>
        <line num="37" count="1" type="stmt"/>
        <line num="369" count="15" type="cond" truecount="4" falsecount="0"/>
        <line num="371" count="5" type="stmt"/>
        <line num="374" count="10" type="stmt"/>
        <line num="377" count="10" type="stmt"/>
        <line num="378" count="140" type="stmt"/>
        <line num="381" count="10" type="stmt"/>
        <line num="383" count="10" type="stmt"/>
        <line num="384" count="140" type="stmt"/>
        <line num="387" count="140" type="stmt"/>
        <line num="388" count="1320" type="stmt"/>
        <line num="389" count="1320" type="stmt"/>
        <line num="390" count="1320" type="cond" truecount="2" falsecount="0"/>
        <line num="391" count="42" type="stmt"/>
        <line num="396" count="140" type="stmt"/>
        <line num="397" count="1010" type="stmt"/>
        <line num="398" count="1010" type="cond" truecount="2" falsecount="0"/>
        <line num="399" count="41" type="stmt"/>
        <line num="404" count="140" type="stmt"/>
        <line num="405" count="260" type="cond" truecount="2" falsecount="0"/>
        <line num="406" count="1" type="stmt"/>
        <line num="411" count="140" type="stmt"/>
        <line num="413" count="140" type="stmt"/>
        <line num="417" count="10" type="stmt"/>
        <line num="418" count="10" type="stmt"/>
        <line num="420" count="10" type="stmt"/>
        <line num="421" count="140" type="cond" truecount="4" falsecount="0"/>
        <line num="423" count="16" type="stmt"/>
        <line num="424" count="16" type="stmt"/>
        <line num="428" count="10" type="stmt"/>
        <line num="437" count="16" type="cond" truecount="4" falsecount="0"/>
        <line num="439" count="5" type="stmt"/>
        <line num="443" count="11" type="cond" truecount="2" falsecount="0"/>
        <line num="444" count="7" type="stmt"/>
        <line num="448" count="4" type="stmt"/>
        <line num="476" count="4" type="stmt"/>
        <line num="477" count="4" type="stmt"/>
        <line num="479" count="4" type="stmt"/>
        <line num="480" count="100" type="stmt"/>
        <line num="481" count="100" type="cond" truecount="2" falsecount="0"/>
        <line num="482" count="6" type="stmt"/>
        <line num="483" count="6" type="stmt"/>
        <line num="488" count="4" type="stmt"/>
        <line num="490" count="4" type="cond" truecount="2" falsecount="0"/>
        <line num="492" count="1" type="cond" truecount="2" falsecount="0"/>
        <line num="493" count="3" type="cond" truecount="2" falsecount="0"/>
        <line num="495" count="2" type="cond" truecount="2" falsecount="0"/>
        <line num="498" count="1" type="cond" truecount="2" falsecount="0"/>
        <line num="507" count="11" type="stmt"/>
        <line num="520" count="70" type="stmt"/>
        <line num="527" count="16" type="stmt"/>
        <line num="544" count="16" type="cond" truecount="2" falsecount="0"/>
      </file>
    </package>
    <package name="shared">
      <metrics statements="1" coveredstatements="1" conditionals="0" coveredconditionals="0" methods="0" coveredmethods="0"/>
      <file name="constants.ts" path="C:\Users\danes\OneDrive\Documents\Code Projects\clipless\src\shared\constants.ts">
        <metrics statements="1" coveredstatements="1" conditionals="0" coveredconditionals="0" methods="0" coveredmethods="0"/>
        <line num="1" count="1" type="stmt"/>
      </file>
    </package>
  </project>
</coverage>
