{"C:\\Users\\danes\\OneDrive\\Documents\\Code Projects\\clipless\\src\\main\\clipboard\\data.ts": {"path":"C:\\Users\\danes\\OneDrive\\Documents\\Code Projects\\clipless\\src\\main\\clipboard\\data.ts","statementMap":{"0":{"start":{"line":4,"column":39},"end":{"line":36,"column":null}},"1":{"start":{"line":6,"column":15},"end":{"line":6,"column":null}},"2":{"start":{"line":7,"column":2},"end":{"line":9,"column":null}},"3":{"start":{"line":8,"column":4},"end":{"line":8,"column":null}},"4":{"start":{"line":11,"column":14},"end":{"line":11,"column":null}},"5":{"start":{"line":12,"column":2},"end":{"line":14,"column":null}},"6":{"start":{"line":13,"column":4},"end":{"line":13,"column":null}},"7":{"start":{"line":16,"column":15},"end":{"line":16,"column":null}},"8":{"start":{"line":17,"column":2},"end":{"line":19,"column":null}},"9":{"start":{"line":18,"column":4},"end":{"line":18,"column":null}},"10":{"start":{"line":21,"column":16},"end":{"line":21,"column":null}},"11":{"start":{"line":22,"column":2},"end":{"line":24,"column":null}},"12":{"start":{"line":23,"column":4},"end":{"line":23,"column":null}},"13":{"start":{"line":26,"column":2},"end":{"line":33,"column":null}},"14":{"start":{"line":27,"column":21},"end":{"line":27,"column":null}},"15":{"start":{"line":28,"column":4},"end":{"line":30,"column":null}},"16":{"start":{"line":29,"column":6},"end":{"line":29,"column":null}},"17":{"start":{"line":35,"column":2},"end":{"line":35,"column":null}},"18":{"start":{"line":39,"column":32},"end":{"line":39,"column":null}},"19":{"start":{"line":39,"column":46},"end":{"line":39,"column":null}},"20":{"start":{"line":40,"column":32},"end":{"line":40,"column":null}},"21":{"start":{"line":40,"column":46},"end":{"line":40,"column":null}},"22":{"start":{"line":41,"column":31},"end":{"line":41,"column":null}},"23":{"start":{"line":41,"column":45},"end":{"line":41,"column":null}},"24":{"start":{"line":43,"column":33},"end":{"line":49,"column":null}},"25":{"start":{"line":44,"column":16},"end":{"line":44,"column":null}},"26":{"start":{"line":45,"column":2},"end":{"line":47,"column":null}},"27":{"start":{"line":46,"column":4},"end":{"line":46,"column":null}},"28":{"start":{"line":48,"column":2},"end":{"line":48,"column":null}},"29":{"start":{"line":51,"column":36},"end":{"line":57,"column":null}},"30":{"start":{"line":52,"column":2},"end":{"line":56,"column":null}},"31":{"start":{"line":53,"column":4},"end":{"line":53,"column":null}},"32":{"start":{"line":55,"column":4},"end":{"line":55,"column":null}},"33":{"start":{"line":60,"column":32},"end":{"line":62,"column":null}},"34":{"start":{"line":61,"column":2},"end":{"line":61,"column":null}},"35":{"start":{"line":64,"column":32},"end":{"line":66,"column":null}},"36":{"start":{"line":65,"column":2},"end":{"line":65,"column":null}},"37":{"start":{"line":68,"column":31},"end":{"line":70,"column":null}},"38":{"start":{"line":69,"column":2},"end":{"line":69,"column":null}},"39":{"start":{"line":72,"column":33},"end":{"line":81,"column":null}},"40":{"start":{"line":73,"column":2},"end":{"line":80,"column":null}},"41":{"start":{"line":75,"column":18},"end":{"line":75,"column":null}},"42":{"start":{"line":76,"column":4},"end":{"line":76,"column":null}},"43":{"start":{"line":78,"column":4},"end":{"line":78,"column":null}},"44":{"start":{"line":79,"column":4},"end":{"line":79,"column":null}},"45":{"start":{"line":83,"column":36},"end":{"line":99,"column":null}},"46":{"start":{"line":89,"column":2},"end":{"line":98,"column":null}},"47":{"start":{"line":91,"column":4},"end":{"line":94,"column":null}},"48":{"start":{"line":96,"column":4},"end":{"line":96,"column":null}},"49":{"start":{"line":97,"column":4},"end":{"line":97,"column":null}}},"fnMap":{"0":{"name":"(anonymous_0)","decl":{"start":{"line":4,"column":39},"end":{"line":4,"column":87}},"loc":{"start":{"line":4,"column":87},"end":{"line":36,"column":null}},"line":4},"1":{"name":"(anonymous_1)","decl":{"start":{"line":39,"column":32},"end":{"line":39,"column":46}},"loc":{"start":{"line":39,"column":46},"end":{"line":39,"column":null}},"line":39},"2":{"name":"(anonymous_2)","decl":{"start":{"line":40,"column":32},"end":{"line":40,"column":46}},"loc":{"start":{"line":40,"column":46},"end":{"line":40,"column":null}},"line":40},"3":{"name":"(anonymous_3)","decl":{"start":{"line":41,"column":31},"end":{"line":41,"column":45}},"loc":{"start":{"line":41,"column":45},"end":{"line":41,"column":null}},"line":41},"4":{"name":"(anonymous_4)","decl":{"start":{"line":43,"column":33},"end":{"line":43,"column":54}},"loc":{"start":{"line":43,"column":54},"end":{"line":49,"column":null}},"line":43},"5":{"name":"(anonymous_5)","decl":{"start":{"line":51,"column":36},"end":{"line":51,"column":81}},"loc":{"start":{"line":51,"column":81},"end":{"line":57,"column":null}},"line":51},"6":{"name":"(anonymous_6)","decl":{"start":{"line":60,"column":32},"end":{"line":60,"column":33}},"loc":{"start":{"line":60,"column":56},"end":{"line":62,"column":null}},"line":60},"7":{"name":"(anonymous_7)","decl":{"start":{"line":64,"column":32},"end":{"line":64,"column":33}},"loc":{"start":{"line":64,"column":56},"end":{"line":66,"column":null}},"line":64},"8":{"name":"(anonymous_8)","decl":{"start":{"line":68,"column":31},"end":{"line":68,"column":32}},"loc":{"start":{"line":68,"column":54},"end":{"line":70,"column":null}},"line":68},"9":{"name":"(anonymous_9)","decl":{"start":{"line":72,"column":33},"end":{"line":72,"column":34}},"loc":{"start":{"line":72,"column":62},"end":{"line":81,"column":null}},"line":72},"10":{"name":"(anonymous_10)","decl":{"start":{"line":83,"column":36},"end":{"line":83,"column":37}},"loc":{"start":{"line":88,"column":12},"end":{"line":99,"column":null}},"line":88}},"branchMap":{"0":{"loc":{"start":{"line":7,"column":2},"end":{"line":9,"column":null}},"type":"if","locations":[{"start":{"line":7,"column":2},"end":{"line":9,"column":null}},{"start":{},"end":{}}],"line":7},"1":{"loc":{"start":{"line":7,"column":6},"end":{"line":7,"column":27}},"type":"binary-expr","locations":[{"start":{"line":7,"column":6},"end":{"line":7,"column":14}},{"start":{"line":7,"column":14},"end":{"line":7,"column":27}}],"line":7},"2":{"loc":{"start":{"line":12,"column":2},"end":{"line":14,"column":null}},"type":"if","locations":[{"start":{"line":12,"column":2},"end":{"line":14,"column":null}},{"start":{},"end":{}}],"line":12},"3":{"loc":{"start":{"line":12,"column":6},"end":{"line":12,"column":25}},"type":"binary-expr","locations":[{"start":{"line":12,"column":6},"end":{"line":12,"column":13}},{"start":{"line":12,"column":13},"end":{"line":12,"column":25}}],"line":12},"4":{"loc":{"start":{"line":17,"column":2},"end":{"line":19,"column":null}},"type":"if","locations":[{"start":{"line":17,"column":2},"end":{"line":19,"column":null}},{"start":{},"end":{}}],"line":17},"5":{"loc":{"start":{"line":17,"column":6},"end":{"line":17,"column":27}},"type":"binary-expr","locations":[{"start":{"line":17,"column":6},"end":{"line":17,"column":14}},{"start":{"line":17,"column":14},"end":{"line":17,"column":27}}],"line":17},"6":{"loc":{"start":{"line":22,"column":2},"end":{"line":24,"column":null}},"type":"if","locations":[{"start":{"line":22,"column":2},"end":{"line":24,"column":null}},{"start":{},"end":{}}],"line":22},"7":{"loc":{"start":{"line":28,"column":4},"end":{"line":30,"column":null}},"type":"if","locations":[{"start":{"line":28,"column":4},"end":{"line":30,"column":null}},{"start":{},"end":{}}],"line":28},"8":{"loc":{"start":{"line":28,"column":8},"end":{"line":28,"column":34}},"type":"binary-expr","locations":[{"start":{"line":28,"column":8},"end":{"line":28,"column":20}},{"start":{"line":28,"column":20},"end":{"line":28,"column":34}}],"line":28},"9":{"loc":{"start":{"line":45,"column":2},"end":{"line":47,"column":null}},"type":"if","locations":[{"start":{"line":45,"column":2},"end":{"line":47,"column":null}},{"start":{},"end":{}}],"line":45}},"s":{"0":1,"1":6,"2":6,"3":2,"4":4,"5":4,"6":1,"7":3,"8":3,"9":1,"10":2,"11":2,"12":1,"13":1,"14":1,"15":1,"16":0,"17":1,"18":1,"19":1,"20":1,"21":0,"22":1,"23":0,"24":1,"25":0,"26":0,"27":0,"28":0,"29":1,"30":0,"31":0,"32":0,"33":1,"34":1,"35":1,"36":0,"37":1,"38":0,"39":1,"40":1,"41":1,"42":1,"43":0,"44":0,"45":1,"46":1,"47":1,"48":0,"49":0},"f":{"0":6,"1":1,"2":0,"3":0,"4":0,"5":0,"6":1,"7":0,"8":0,"9":1,"10":1},"b":{"0":[2,4],"1":[6,2],"2":[1,3],"3":[4,1],"4":[1,2],"5":[3,1],"6":[1,1],"7":[0,1],"8":[1,1],"9":[0,0]},"meta":{"lastBranch":10,"lastFunction":11,"lastStatement":50,"seen":{"s:4:39:36:Infinity":0,"f:4:39:4:87":0,"s:6:15:6:Infinity":1,"b:7:2:9:Infinity:undefined:undefined:undefined:undefined":0,"s:7:2:9:Infinity":2,"b:7:6:7:14:7:14:7:27":1,"s:8:4:8:Infinity":3,"s:11:14:11:Infinity":4,"b:12:2:14:Infinity:undefined:undefined:undefined:undefined":2,"s:12:2:14:Infinity":5,"b:12:6:12:13:12:13:12:25":3,"s:13:4:13:Infinity":6,"s:16:15:16:Infinity":7,"b:17:2:19:Infinity:undefined:undefined:undefined:undefined":4,"s:17:2:19:Infinity":8,"b:17:6:17:14:17:14:17:27":5,"s:18:4:18:Infinity":9,"s:21:16:21:Infinity":10,"b:22:2:24:Infinity:undefined:undefined:undefined:undefined":6,"s:22:2:24:Infinity":11,"s:23:4:23:Infinity":12,"s:26:2:33:Infinity":13,"s:27:21:27:Infinity":14,"b:28:4:30:Infinity:undefined:undefined:undefined:undefined":7,"s:28:4:30:Infinity":15,"b:28:8:28:20:28:20:28:34":8,"s:29:6:29:Infinity":16,"s:35:2:35:Infinity":17,"s:39:32:39:Infinity":18,"f:39:32:39:46":1,"s:39:46:39:Infinity":19,"s:40:32:40:Infinity":20,"f:40:32:40:46":2,"s:40:46:40:Infinity":21,"s:41:31:41:Infinity":22,"f:41:31:41:45":3,"s:41:45:41:Infinity":23,"s:43:33:49:Infinity":24,"f:43:33:43:54":4,"s:44:16:44:Infinity":25,"b:45:2:47:Infinity:undefined:undefined:undefined:undefined":9,"s:45:2:47:Infinity":26,"s:46:4:46:Infinity":27,"s:48:2:48:Infinity":28,"s:51:36:57:Infinity":29,"f:51:36:51:81":5,"s:52:2:56:Infinity":30,"s:53:4:53:Infinity":31,"s:55:4:55:Infinity":32,"s:60:32:62:Infinity":33,"f:60:32:60:33":6,"s:61:2:61:Infinity":34,"s:64:32:66:Infinity":35,"f:64:32:64:33":7,"s:65:2:65:Infinity":36,"s:68:31:70:Infinity":37,"f:68:31:68:32":8,"s:69:2:69:Infinity":38,"s:72:33:81:Infinity":39,"f:72:33:72:34":9,"s:73:2:80:Infinity":40,"s:75:18:75:Infinity":41,"s:76:4:76:Infinity":42,"s:78:4:78:Infinity":43,"s:79:4:79:Infinity":44,"s:83:36:99:Infinity":45,"f:83:36:83:37":10,"s:89:2:98:Infinity":46,"s:91:4:94:Infinity":47,"s:96:4:96:Infinity":48,"s:97:4:97:Infinity":49}}}
,"C:\\Users\\danes\\OneDrive\\Documents\\Code Projects\\clipless\\src\\main\\clipboard\\quick-clips.ts": {"path":"C:\\Users\\danes\\OneDrive\\Documents\\Code Projects\\clipless\\src\\main\\clipboard\\quick-clips.ts","statementMap":{"0":{"start":{"line":5,"column":35},"end":{"line":48,"column":null}},"1":{"start":{"line":6,"column":2},"end":{"line":47,"column":null}},"2":{"start":{"line":7,"column":24},"end":{"line":7,"column":null}},"3":{"start":{"line":8,"column":36},"end":{"line":8,"column":null}},"4":{"start":{"line":10,"column":4},"end":{"line":41,"column":null}},"5":{"start":{"line":11,"column":6},"end":{"line":11,"column":null}},"6":{"start":{"line":11,"column":31},"end":{"line":11,"column":null}},"7":{"start":{"line":13,"column":6},"end":{"line":40,"column":null}},"8":{"start":{"line":14,"column":22},"end":{"line":14,"column":null}},"9":{"start":{"line":17,"column":8},"end":{"line":36,"column":null}},"10":{"start":{"line":18,"column":51},"end":{"line":18,"column":null}},"11":{"start":{"line":21,"column":10},"end":{"line":27,"column":null}},"12":{"start":{"line":22,"column":12},"end":{"line":26,"column":null}},"13":{"start":{"line":23,"column":14},"end":{"line":25,"column":null}},"14":{"start":{"line":24,"column":16},"end":{"line":24,"column":null}},"15":{"start":{"line":29,"column":10},"end":{"line":35,"column":null}},"16":{"start":{"line":30,"column":12},"end":{"line":34,"column":null}},"17":{"start":{"line":38,"column":8},"end":{"line":38,"column":null}},"18":{"start":{"line":43,"column":4},"end":{"line":43,"column":null}},"19":{"start":{"line":45,"column":4},"end":{"line":45,"column":null}},"20":{"start":{"line":46,"column":4},"end":{"line":46,"column":null}},"21":{"start":{"line":50,"column":35},"end":{"line":158,"column":null}},"22":{"start":{"line":51,"column":2},"end":{"line":157,"column":null}},"23":{"start":{"line":52,"column":22},"end":{"line":52,"column":null}},"24":{"start":{"line":53,"column":18},"end":{"line":53,"column":null}},"25":{"start":{"line":55,"column":4},"end":{"line":153,"column":null}},"26":{"start":{"line":56,"column":19},"end":{"line":56,"column":null}},"27":{"start":{"line":56,"column":37},"end":{"line":56,"column":52}},"28":{"start":{"line":57,"column":6},"end":{"line":57,"column":null}},"29":{"start":{"line":57,"column":17},"end":{"line":57,"column":null}},"30":{"start":{"line":60,"column":32},"end":{"line":62,"column":null}},"31":{"start":{"line":61,"column":8},"end":{"line":61,"column":null}},"32":{"start":{"line":61,"column":43},"end":{"line":61,"column":66}},"33":{"start":{"line":64,"column":6},"end":{"line":64,"column":null}},"34":{"start":{"line":64,"column":42},"end":{"line":64,"column":null}},"35":{"start":{"line":67,"column":30},"end":{"line":67,"column":null}},"36":{"start":{"line":68,"column":25},"end":{"line":68,"column":null}},"37":{"start":{"line":71,"column":20},"end":{"line":71,"column":null}},"38":{"start":{"line":74,"column":21},"end":{"line":74,"column":null}},"39":{"start":{"line":76,"column":6},"end":{"line":147,"column":null}},"40":{"start":{"line":78,"column":8},"end":{"line":78,"column":null}},"41":{"start":{"line":81,"column":94},"end":{"line":81,"column":null}},"42":{"start":{"line":83,"column":8},"end":{"line":102,"column":null}},"43":{"start":{"line":84,"column":28},"end":{"line":84,"column":null}},"44":{"start":{"line":85,"column":31},"end":{"line":85,"column":null}},"45":{"start":{"line":86,"column":32},"end":{"line":86,"column":null}},"46":{"start":{"line":86,"column":67},"end":{"line":86,"column":75}},"47":{"start":{"line":89,"column":35},"end":{"line":89,"column":null}},"48":{"start":{"line":90,"column":22},"end":{"line":90,"column":null}},"49":{"start":{"line":91,"column":10},"end":{"line":99,"column":null}},"50":{"start":{"line":92,"column":12},"end":{"line":98,"column":null}},"51":{"start":{"line":93,"column":14},"end":{"line":93,"column":null}},"52":{"start":{"line":95,"column":14},"end":{"line":97,"column":null}},"53":{"start":{"line":96,"column":16},"end":{"line":96,"column":null}},"54":{"start":{"line":101,"column":10},"end":{"line":101,"column":null}},"55":{"start":{"line":105,"column":8},"end":{"line":146,"column":null}},"56":{"start":{"line":105,"column":44},"end":{"line":105,"column":64}},"57":{"start":{"line":107,"column":10},"end":{"line":145,"column":null}},"58":{"start":{"line":112,"column":12},"end":{"line":112,"column":null}},"59":{"start":{"line":112,"column":57},"end":{"line":112,"column":76}},"60":{"start":{"line":115,"column":41},"end":{"line":141,"column":null}},"61":{"start":{"line":116,"column":14},"end":{"line":116,"column":null}},"62":{"start":{"line":116,"column":45},"end":{"line":116,"column":null}},"63":{"start":{"line":117,"column":14},"end":{"line":124,"column":null}},"64":{"start":{"line":118,"column":36},"end":{"line":118,"column":null}},"65":{"start":{"line":119,"column":16},"end":{"line":123,"column":null}},"66":{"start":{"line":121,"column":39},"end":{"line":121,"column":null}},"67":{"start":{"line":122,"column":18},"end":{"line":122,"column":null}},"68":{"start":{"line":127,"column":39},"end":{"line":127,"column":null}},"69":{"start":{"line":128,"column":39},"end":{"line":128,"column":null}},"70":{"start":{"line":129,"column":45},"end":{"line":129,"column":null}},"71":{"start":{"line":131,"column":14},"end":{"line":138,"column":null}},"72":{"start":{"line":132,"column":16},"end":{"line":137,"column":null}},"73":{"start":{"line":134,"column":39},"end":{"line":134,"column":null}},"74":{"start":{"line":135,"column":30},"end":{"line":135,"column":null}},"75":{"start":{"line":136,"column":18},"end":{"line":136,"column":null}},"76":{"start":{"line":140,"column":14},"end":{"line":140,"column":null}},"77":{"start":{"line":143,"column":33},"end":{"line":143,"column":null}},"78":{"start":{"line":144,"column":12},"end":{"line":144,"column":null}},"79":{"start":{"line":144,"column":42},"end":{"line":144,"column":61}},"80":{"start":{"line":150,"column":6},"end":{"line":152,"column":null}},"81":{"start":{"line":151,"column":8},"end":{"line":151,"column":null}},"82":{"start":{"line":155,"column":4},"end":{"line":155,"column":null}},"83":{"start":{"line":156,"column":4},"end":{"line":156,"column":null}},"84":{"start":{"line":160,"column":38},"end":{"line":176,"column":null}},"85":{"start":{"line":161,"column":2},"end":{"line":175,"column":null}},"86":{"start":{"line":162,"column":24},"end":{"line":162,"column":null}},"87":{"start":{"line":163,"column":18},"end":{"line":163,"column":null}},"88":{"start":{"line":164,"column":22},"end":{"line":164,"column":null}},"89":{"start":{"line":166,"column":4},"end":{"line":171,"column":null}},"90":{"start":{"line":173,"column":4},"end":{"line":173,"column":null}},"91":{"start":{"line":174,"column":4},"end":{"line":174,"column":null}},"92":{"start":{"line":178,"column":38},"end":{"line":186,"column":null}},"93":{"start":{"line":179,"column":2},"end":{"line":185,"column":null}},"94":{"start":{"line":181,"column":4},"end":{"line":181,"column":null}},"95":{"start":{"line":183,"column":4},"end":{"line":183,"column":null}},"96":{"start":{"line":184,"column":4},"end":{"line":184,"column":null}}},"fnMap":{"0":{"name":"(anonymous_0)","decl":{"start":{"line":5,"column":35},"end":{"line":5,"column":42}},"loc":{"start":{"line":5,"column":84},"end":{"line":48,"column":null}},"line":5},"1":{"name":"(anonymous_1)","decl":{"start":{"line":22,"column":49},"end":{"line":22,"column":50}},"loc":{"start":{"line":22,"column":73},"end":{"line":26,"column":13}},"line":22},"2":{"name":"(anonymous_2)","decl":{"start":{"line":50,"column":35},"end":{"line":50,"column":42}},"loc":{"start":{"line":50,"column":80},"end":{"line":158,"column":null}},"line":50},"3":{"name":"(anonymous_3)","decl":{"start":{"line":56,"column":30},"end":{"line":56,"column":31}},"loc":{"start":{"line":56,"column":37},"end":{"line":56,"column":52}},"line":56},"4":{"name":"(anonymous_4)","decl":{"start":{"line":60,"column":47},"end":{"line":60,"column":48}},"loc":{"start":{"line":61,"column":8},"end":{"line":61,"column":null}},"line":61},"5":{"name":"(anonymous_5)","decl":{"start":{"line":61,"column":32},"end":{"line":61,"column":33}},"loc":{"start":{"line":61,"column":43},"end":{"line":61,"column":66}},"line":61},"6":{"name":"(anonymous_6)","decl":{"start":{"line":86,"column":60},"end":{"line":86,"column":61}},"loc":{"start":{"line":86,"column":67},"end":{"line":86,"column":75}},"line":86},"7":{"name":"(anonymous_7)","decl":{"start":{"line":105,"column":36},"end":{"line":105,"column":37}},"loc":{"start":{"line":105,"column":44},"end":{"line":105,"column":64}},"line":105},"8":{"name":"(anonymous_8)","decl":{"start":{"line":112,"column":48},"end":{"line":112,"column":49}},"loc":{"start":{"line":112,"column":57},"end":{"line":112,"column":76}},"line":112},"9":{"name":"(anonymous_9)","decl":{"start":{"line":115,"column":41},"end":{"line":115,"column":42}},"loc":{"start":{"line":115,"column":95},"end":{"line":141,"column":null}},"line":115},"10":{"name":"(anonymous_10)","decl":{"start":{"line":119,"column":46},"end":{"line":119,"column":47}},"loc":{"start":{"line":119,"column":57},"end":{"line":123,"column":17}},"line":119},"11":{"name":"(anonymous_11)","decl":{"start":{"line":144,"column":33},"end":{"line":144,"column":34}},"loc":{"start":{"line":144,"column":42},"end":{"line":144,"column":61}},"line":144},"12":{"name":"(anonymous_12)","decl":{"start":{"line":160,"column":38},"end":{"line":160,"column":50}},"loc":{"start":{"line":160,"column":50},"end":{"line":176,"column":null}},"line":160},"13":{"name":"(anonymous_13)","decl":{"start":{"line":178,"column":38},"end":{"line":178,"column":45}},"loc":{"start":{"line":178,"column":61},"end":{"line":186,"column":null}},"line":178}},"branchMap":{"0":{"loc":{"start":{"line":11,"column":6},"end":{"line":11,"column":null}},"type":"if","locations":[{"start":{"line":11,"column":6},"end":{"line":11,"column":null}},{"start":{},"end":{}}],"line":11},"1":{"loc":{"start":{"line":21,"column":10},"end":{"line":27,"column":null}},"type":"if","locations":[{"start":{"line":21,"column":10},"end":{"line":27,"column":null}},{"start":{},"end":{}}],"line":21},"2":{"loc":{"start":{"line":23,"column":14},"end":{"line":25,"column":null}},"type":"if","locations":[{"start":{"line":23,"column":14},"end":{"line":25,"column":null}},{"start":{},"end":{}}],"line":23},"3":{"loc":{"start":{"line":23,"column":18},"end":{"line":23,"column":86}},"type":"binary-expr","locations":[{"start":{"line":23,"column":18},"end":{"line":23,"column":41}},{"start":{"line":23,"column":41},"end":{"line":23,"column":59}},{"start":{"line":23,"column":59},"end":{"line":23,"column":86}}],"line":23},"4":{"loc":{"start":{"line":29,"column":10},"end":{"line":35,"column":null}},"type":"if","locations":[{"start":{"line":29,"column":10},"end":{"line":35,"column":null}},{"start":{},"end":{}}],"line":29},"5":{"loc":{"start":{"line":57,"column":6},"end":{"line":57,"column":null}},"type":"if","locations":[{"start":{"line":57,"column":6},"end":{"line":57,"column":null}},{"start":{},"end":{}}],"line":57},"6":{"loc":{"start":{"line":64,"column":6},"end":{"line":64,"column":null}},"type":"if","locations":[{"start":{"line":64,"column":6},"end":{"line":64,"column":null}},{"start":{},"end":{}}],"line":64},"7":{"loc":{"start":{"line":76,"column":6},"end":{"line":147,"column":null}},"type":"if","locations":[{"start":{"line":76,"column":6},"end":{"line":147,"column":null}},{"start":{"line":79,"column":13},"end":{"line":147,"column":null}}],"line":76},"8":{"loc":{"start":{"line":92,"column":12},"end":{"line":98,"column":null}},"type":"if","locations":[{"start":{"line":92,"column":12},"end":{"line":98,"column":null}},{"start":{},"end":{}}],"line":92},"9":{"loc":{"start":{"line":92,"column":16},"end":{"line":92,"column":66}},"type":"binary-expr","locations":[{"start":{"line":92,"column":16},"end":{"line":92,"column":43}},{"start":{"line":92,"column":43},"end":{"line":92,"column":66}}],"line":92},"10":{"loc":{"start":{"line":95,"column":14},"end":{"line":97,"column":null}},"type":"if","locations":[{"start":{"line":95,"column":14},"end":{"line":97,"column":null}},{"start":{},"end":{}}],"line":95},"11":{"loc":{"start":{"line":105,"column":8},"end":{"line":146,"column":null}},"type":"if","locations":[{"start":{"line":105,"column":8},"end":{"line":146,"column":null}},{"start":{},"end":{}}],"line":105},"12":{"loc":{"start":{"line":107,"column":10},"end":{"line":145,"column":null}},"type":"if","locations":[{"start":{"line":107,"column":10},"end":{"line":145,"column":null}},{"start":{"line":113,"column":17},"end":{"line":145,"column":null}}],"line":107},"13":{"loc":{"start":{"line":108,"column":12},"end":{"line":110,"column":null}},"type":"binary-expr","locations":[{"start":{"line":108,"column":12},"end":{"line":108,"column":null}},{"start":{"line":109,"column":12},"end":{"line":109,"column":null}},{"start":{"line":110,"column":12},"end":{"line":110,"column":null}}],"line":108},"14":{"loc":{"start":{"line":116,"column":14},"end":{"line":116,"column":null}},"type":"if","locations":[{"start":{"line":116,"column":14},"end":{"line":116,"column":null}},{"start":{},"end":{}}],"line":116},"15":{"loc":{"start":{"line":117,"column":14},"end":{"line":124,"column":null}},"type":"if","locations":[{"start":{"line":117,"column":14},"end":{"line":124,"column":null}},{"start":{},"end":{}}],"line":117},"16":{"loc":{"start":{"line":121,"column":39},"end":{"line":121,"column":null}},"type":"cond-expr","locations":[{"start":{"line":121,"column":59},"end":{"line":121,"column":67}},{"start":{"line":121,"column":67},"end":{"line":121,"column":null}}],"line":121},"17":{"loc":{"start":{"line":134,"column":39},"end":{"line":134,"column":null}},"type":"cond-expr","locations":[{"start":{"line":134,"column":53},"end":{"line":134,"column":61}},{"start":{"line":134,"column":61},"end":{"line":134,"column":null}}],"line":134}},"s":{"0":1,"1":8,"2":8,"3":8,"4":8,"5":8,"6":1,"7":7,"8":7,"9":7,"10":7,"11":7,"12":5,"13":6,"14":6,"15":7,"16":5,"17":1,"18":8,"19":0,"20":0,"21":1,"22":0,"23":0,"24":0,"25":0,"26":0,"27":0,"28":0,"29":0,"30":0,"31":0,"32":0,"33":0,"34":0,"35":0,"36":0,"37":0,"38":0,"39":0,"40":0,"41":0,"42":0,"43":0,"44":0,"45":0,"46":0,"47":0,"48":0,"49":0,"50":0,"51":0,"52":0,"53":0,"54":0,"55":0,"56":0,"57":0,"58":0,"59":0,"60":0,"61":0,"62":0,"63":0,"64":0,"65":0,"66":0,"67":0,"68":0,"69":0,"70":0,"71":0,"72":0,"73":0,"74":0,"75":0,"76":0,"77":0,"78":0,"79":0,"80":0,"81":0,"82":0,"83":0,"84":1,"85":0,"86":0,"87":0,"88":0,"89":0,"90":0,"91":0,"92":1,"93":0,"94":0,"95":0,"96":0},"f":{"0":8,"1":6,"2":0,"3":0,"4":0,"5":0,"6":0,"7":0,"8":0,"9":0,"10":0,"11":0,"12":0,"13":0},"b":{"0":[1,7],"1":[5,2],"2":[6,0],"3":[6,6,6],"4":[5,2],"5":[0,0],"6":[0,0],"7":[0,0],"8":[0,0],"9":[0,0],"10":[0,0],"11":[0,0],"12":[0,0],"13":[0,0,0],"14":[0,0],"15":[0,0],"16":[0,0],"17":[0,0]},"meta":{"lastBranch":18,"lastFunction":14,"lastStatement":97,"seen":{"s:5:35:48:Infinity":0,"f:5:35:5:42":0,"s:6:2:47:Infinity":1,"s:7:24:7:Infinity":2,"s:8:36:8:Infinity":3,"s:10:4:41:Infinity":4,"b:11:6:11:Infinity:undefined:undefined:undefined:undefined":0,"s:11:6:11:Infinity":5,"s:11:31:11:Infinity":6,"s:13:6:40:Infinity":7,"s:14:22:14:Infinity":8,"s:17:8:36:Infinity":9,"s:18:51:18:Infinity":10,"b:21:10:27:Infinity:undefined:undefined:undefined:undefined":1,"s:21:10:27:Infinity":11,"s:22:12:26:Infinity":12,"f:22:49:22:50":1,"b:23:14:25:Infinity:undefined:undefined:undefined:undefined":2,"s:23:14:25:Infinity":13,"b:23:18:23:41:23:41:23:59:23:59:23:86":3,"s:24:16:24:Infinity":14,"b:29:10:35:Infinity:undefined:undefined:undefined:undefined":4,"s:29:10:35:Infinity":15,"s:30:12:34:Infinity":16,"s:38:8:38:Infinity":17,"s:43:4:43:Infinity":18,"s:45:4:45:Infinity":19,"s:46:4:46:Infinity":20,"s:50:35:158:Infinity":21,"f:50:35:50:42":2,"s:51:2:157:Infinity":22,"s:52:22:52:Infinity":23,"s:53:18:53:Infinity":24,"s:55:4:153:Infinity":25,"s:56:19:56:Infinity":26,"f:56:30:56:31":3,"s:56:37:56:52":27,"b:57:6:57:Infinity:undefined:undefined:undefined:undefined":5,"s:57:6:57:Infinity":28,"s:57:17:57:Infinity":29,"s:60:32:62:Infinity":30,"f:60:47:60:48":4,"s:61:8:61:Infinity":31,"f:61:32:61:33":5,"s:61:43:61:66":32,"b:64:6:64:Infinity:undefined:undefined:undefined:undefined":6,"s:64:6:64:Infinity":33,"s:64:42:64:Infinity":34,"s:67:30:67:Infinity":35,"s:68:25:68:Infinity":36,"s:71:20:71:Infinity":37,"s:74:21:74:Infinity":38,"b:76:6:147:Infinity:79:13:147:Infinity":7,"s:76:6:147:Infinity":39,"s:78:8:78:Infinity":40,"s:81:94:81:Infinity":41,"s:83:8:102:Infinity":42,"s:84:28:84:Infinity":43,"s:85:31:85:Infinity":44,"s:86:32:86:Infinity":45,"f:86:60:86:61":6,"s:86:67:86:75":46,"s:89:35:89:Infinity":47,"s:90:22:90:Infinity":48,"s:91:10:99:Infinity":49,"b:92:12:98:Infinity:undefined:undefined:undefined:undefined":8,"s:92:12:98:Infinity":50,"b:92:16:92:43:92:43:92:66":9,"s:93:14:93:Infinity":51,"b:95:14:97:Infinity:undefined:undefined:undefined:undefined":10,"s:95:14:97:Infinity":52,"s:96:16:96:Infinity":53,"s:101:10:101:Infinity":54,"b:105:8:146:Infinity:undefined:undefined:undefined:undefined":11,"s:105:8:146:Infinity":55,"f:105:36:105:37":7,"s:105:44:105:64":56,"b:107:10:145:Infinity:113:17:145:Infinity":12,"s:107:10:145:Infinity":57,"b:108:12:108:Infinity:109:12:109:Infinity:110:12:110:Infinity":13,"s:112:12:112:Infinity":58,"f:112:48:112:49":8,"s:112:57:112:76":59,"s:115:41:141:Infinity":60,"f:115:41:115:42":9,"b:116:14:116:Infinity:undefined:undefined:undefined:undefined":14,"s:116:14:116:Infinity":61,"s:116:45:116:Infinity":62,"b:117:14:124:Infinity:undefined:undefined:undefined:undefined":15,"s:117:14:124:Infinity":63,"s:118:36:118:Infinity":64,"s:119:16:123:Infinity":65,"f:119:46:119:47":10,"s:121:39:121:Infinity":66,"b:121:59:121:67:121:67:121:Infinity":16,"s:122:18:122:Infinity":67,"s:127:39:127:Infinity":68,"s:128:39:128:Infinity":69,"s:129:45:129:Infinity":70,"s:131:14:138:Infinity":71,"s:132:16:137:Infinity":72,"s:134:39:134:Infinity":73,"b:134:53:134:61:134:61:134:Infinity":17,"s:135:30:135:Infinity":74,"s:136:18:136:Infinity":75,"s:140:14:140:Infinity":76,"s:143:33:143:Infinity":77,"s:144:12:144:Infinity":78,"f:144:33:144:34":11,"s:144:42:144:61":79,"s:150:6:152:Infinity":80,"s:151:8:151:Infinity":81,"s:155:4:155:Infinity":82,"s:156:4:156:Infinity":83,"s:160:38:176:Infinity":84,"f:160:38:160:50":12,"s:161:2:175:Infinity":85,"s:162:24:162:Infinity":86,"s:163:18:163:Infinity":87,"s:164:22:164:Infinity":88,"s:166:4:171:Infinity":89,"s:173:4:173:Infinity":90,"s:174:4:174:Infinity":91,"s:178:38:186:Infinity":92,"f:178:38:178:45":13,"s:179:2:185:Infinity":93,"s:181:4:181:Infinity":94,"s:183:4:183:Infinity":95,"s:184:4:184:Infinity":96}}}
,"C:\\Users\\danes\\OneDrive\\Documents\\Code Projects\\clipless\\src\\main\\clipboard\\quick-tools.ts": {"path":"C:\\Users\\danes\\OneDrive\\Documents\\Code Projects\\clipless\\src\\main\\clipboard\\quick-tools.ts","statementMap":{"0":{"start":{"line":4,"column":32},"end":{"line":11,"column":null}},"1":{"start":{"line":5,"column":2},"end":{"line":10,"column":null}},"2":{"start":{"line":6,"column":4},"end":{"line":6,"column":null}},"3":{"start":{"line":8,"column":4},"end":{"line":8,"column":null}},"4":{"start":{"line":9,"column":4},"end":{"line":9,"column":null}},"5":{"start":{"line":13,"column":31},"end":{"line":20,"column":null}},"6":{"start":{"line":14,"column":2},"end":{"line":19,"column":null}},"7":{"start":{"line":15,"column":4},"end":{"line":15,"column":null}},"8":{"start":{"line":17,"column":4},"end":{"line":17,"column":null}},"9":{"start":{"line":18,"column":4},"end":{"line":18,"column":null}},"10":{"start":{"line":22,"column":31},"end":{"line":29,"column":null}},"11":{"start":{"line":23,"column":2},"end":{"line":28,"column":null}},"12":{"start":{"line":24,"column":4},"end":{"line":24,"column":null}},"13":{"start":{"line":26,"column":4},"end":{"line":26,"column":null}},"14":{"start":{"line":27,"column":4},"end":{"line":27,"column":null}},"15":{"start":{"line":31,"column":31},"end":{"line":38,"column":null}},"16":{"start":{"line":32,"column":2},"end":{"line":37,"column":null}},"17":{"start":{"line":33,"column":4},"end":{"line":33,"column":null}},"18":{"start":{"line":35,"column":4},"end":{"line":35,"column":null}},"19":{"start":{"line":36,"column":4},"end":{"line":36,"column":null}},"20":{"start":{"line":40,"column":33},"end":{"line":47,"column":null}},"21":{"start":{"line":41,"column":2},"end":{"line":46,"column":null}},"22":{"start":{"line":42,"column":4},"end":{"line":42,"column":null}},"23":{"start":{"line":44,"column":4},"end":{"line":44,"column":null}},"24":{"start":{"line":45,"column":4},"end":{"line":45,"column":null}},"25":{"start":{"line":49,"column":31},"end":{"line":78,"column":null}},"26":{"start":{"line":50,"column":2},"end":{"line":77,"column":null}},"27":{"start":{"line":51,"column":29},"end":{"line":51,"column":null}},"28":{"start":{"line":54,"column":4},"end":{"line":58,"column":null}},"29":{"start":{"line":55,"column":6},"end":{"line":55,"column":null}},"30":{"start":{"line":57,"column":6},"end":{"line":57,"column":null}},"31":{"start":{"line":61,"column":22},"end":{"line":61,"column":null}},"32":{"start":{"line":62,"column":29},"end":{"line":62,"column":null}},"33":{"start":{"line":62,"column":54},"end":{"line":62,"column":72}},"34":{"start":{"line":64,"column":4},"end":{"line":68,"column":null}},"35":{"start":{"line":65,"column":6},"end":{"line":67,"column":null}},"36":{"start":{"line":66,"column":8},"end":{"line":66,"column":null}},"37":{"start":{"line":70,"column":4},"end":{"line":73,"column":null}},"38":{"start":{"line":75,"column":4},"end":{"line":75,"column":null}},"39":{"start":{"line":76,"column":4},"end":{"line":76,"column":null}}},"fnMap":{"0":{"name":"(anonymous_0)","decl":{"start":{"line":4,"column":32},"end":{"line":4,"column":44}},"loc":{"start":{"line":4,"column":44},"end":{"line":11,"column":null}},"line":4},"1":{"name":"(anonymous_1)","decl":{"start":{"line":13,"column":31},"end":{"line":13,"column":38}},"loc":{"start":{"line":13,"column":93},"end":{"line":20,"column":null}},"line":13},"2":{"name":"(anonymous_2)","decl":{"start":{"line":22,"column":31},"end":{"line":22,"column":38}},"loc":{"start":{"line":22,"column":67},"end":{"line":29,"column":null}},"line":22},"3":{"name":"(anonymous_3)","decl":{"start":{"line":31,"column":31},"end":{"line":31,"column":38}},"loc":{"start":{"line":31,"column":53},"end":{"line":38,"column":null}},"line":31},"4":{"name":"(anonymous_4)","decl":{"start":{"line":40,"column":33},"end":{"line":40,"column":40}},"loc":{"start":{"line":40,"column":57},"end":{"line":47,"column":null}},"line":40},"5":{"name":"(anonymous_5)","decl":{"start":{"line":49,"column":31},"end":{"line":49,"column":38}},"loc":{"start":{"line":49,"column":79},"end":{"line":78,"column":null}},"line":49},"6":{"name":"(anonymous_6)","decl":{"start":{"line":62,"column":43},"end":{"line":62,"column":44}},"loc":{"start":{"line":62,"column":54},"end":{"line":62,"column":72}},"line":62}},"branchMap":{"0":{"loc":{"start":{"line":61,"column":22},"end":{"line":61,"column":null}},"type":"binary-expr","locations":[{"start":{"line":61,"column":22},"end":{"line":61,"column":51}},{"start":{"line":61,"column":51},"end":{"line":61,"column":null}}],"line":61},"1":{"loc":{"start":{"line":65,"column":6},"end":{"line":67,"column":null}},"type":"if","locations":[{"start":{"line":65,"column":6},"end":{"line":67,"column":null}},{"start":{},"end":{}}],"line":65}},"s":{"0":1,"1":0,"2":0,"3":0,"4":0,"5":1,"6":0,"7":0,"8":0,"9":0,"10":1,"11":0,"12":0,"13":0,"14":0,"15":1,"16":0,"17":0,"18":0,"19":0,"20":1,"21":0,"22":0,"23":0,"24":0,"25":1,"26":6,"27":6,"28":6,"29":6,"30":1,"31":6,"32":6,"33":6,"34":6,"35":6,"36":3,"37":6,"38":0,"39":0},"f":{"0":0,"1":0,"2":0,"3":0,"4":0,"5":6,"6":6},"b":{"0":[6,2],"1":[3,3]},"meta":{"lastBranch":2,"lastFunction":7,"lastStatement":40,"seen":{"s:4:32:11:Infinity":0,"f:4:32:4:44":0,"s:5:2:10:Infinity":1,"s:6:4:6:Infinity":2,"s:8:4:8:Infinity":3,"s:9:4:9:Infinity":4,"s:13:31:20:Infinity":5,"f:13:31:13:38":1,"s:14:2:19:Infinity":6,"s:15:4:15:Infinity":7,"s:17:4:17:Infinity":8,"s:18:4:18:Infinity":9,"s:22:31:29:Infinity":10,"f:22:31:22:38":2,"s:23:2:28:Infinity":11,"s:24:4:24:Infinity":12,"s:26:4:26:Infinity":13,"s:27:4:27:Infinity":14,"s:31:31:38:Infinity":15,"f:31:31:31:38":3,"s:32:2:37:Infinity":16,"s:33:4:33:Infinity":17,"s:35:4:35:Infinity":18,"s:36:4:36:Infinity":19,"s:40:33:47:Infinity":20,"f:40:33:40:40":4,"s:41:2:46:Infinity":21,"s:42:4:42:Infinity":22,"s:44:4:44:Infinity":23,"s:45:4:45:Infinity":24,"s:49:31:78:Infinity":25,"f:49:31:49:38":5,"s:50:2:77:Infinity":26,"s:51:29:51:Infinity":27,"s:54:4:58:Infinity":28,"s:55:6:55:Infinity":29,"s:57:6:57:Infinity":30,"s:61:22:61:Infinity":31,"b:61:22:61:51:61:51:61:Infinity":0,"s:62:29:62:Infinity":32,"f:62:43:62:44":6,"s:62:54:62:72":33,"s:64:4:68:Infinity":34,"b:65:6:67:Infinity:undefined:undefined:undefined:undefined":1,"s:65:6:67:Infinity":35,"s:66:8:66:Infinity":36,"s:70:4:73:Infinity":37,"s:75:4:75:Infinity":38,"s:76:4:76:Infinity":39}}}
,"C:\\Users\\danes\\OneDrive\\Documents\\Code Projects\\clipless\\src\\main\\hotkeys\\actions.ts": {"path":"C:\\Users\\danes\\OneDrive\\Documents\\Code Projects\\clipless\\src\\main\\hotkeys\\actions.ts","statementMap":{"0":{"start":{"line":9,"column":45},"end":{"line":9,"column":null}},"1":{"start":{"line":12,"column":4},"end":{"line":12,"column":null}},"2":{"start":{"line":19,"column":4},"end":{"line":19,"column":null}},"3":{"start":{"line":19,"column":26},"end":{"line":19,"column":null}},"4":{"start":{"line":21,"column":4},"end":{"line":42,"column":null}},"5":{"start":{"line":23,"column":6},"end":{"line":26,"column":null}},"6":{"start":{"line":24,"column":8},"end":{"line":24,"column":null}},"7":{"start":{"line":25,"column":8},"end":{"line":25,"column":null}},"8":{"start":{"line":29,"column":6},"end":{"line":31,"column":null}},"9":{"start":{"line":30,"column":8},"end":{"line":30,"column":null}},"10":{"start":{"line":33,"column":6},"end":{"line":33,"column":null}},"11":{"start":{"line":34,"column":6},"end":{"line":34,"column":null}},"12":{"start":{"line":37,"column":6},"end":{"line":39,"column":null}},"13":{"start":{"line":38,"column":8},"end":{"line":38,"column":null}},"14":{"start":{"line":41,"column":6},"end":{"line":41,"column":null}},"15":{"start":{"line":49,"column":4},"end":{"line":74,"column":null}},"16":{"start":{"line":50,"column":20},"end":{"line":50,"column":null}},"17":{"start":{"line":51,"column":6},"end":{"line":54,"column":null}},"18":{"start":{"line":52,"column":8},"end":{"line":52,"column":null}},"19":{"start":{"line":53,"column":8},"end":{"line":53,"column":null}},"20":{"start":{"line":56,"column":25},"end":{"line":56,"column":null}},"21":{"start":{"line":57,"column":6},"end":{"line":60,"column":null}},"22":{"start":{"line":58,"column":8},"end":{"line":58,"column":null}},"23":{"start":{"line":59,"column":8},"end":{"line":59,"column":null}},"24":{"start":{"line":63,"column":6},"end":{"line":65,"column":null}},"25":{"start":{"line":64,"column":8},"end":{"line":64,"column":null}},"26":{"start":{"line":68,"column":6},"end":{"line":68,"column":null}},"27":{"start":{"line":70,"column":6},"end":{"line":70,"column":null}},"28":{"start":{"line":71,"column":6},"end":{"line":71,"column":null}},"29":{"start":{"line":73,"column":6},"end":{"line":73,"column":null}},"30":{"start":{"line":81,"column":4},"end":{"line":103,"column":null}},"31":{"start":{"line":83,"column":8},"end":{"line":83,"column":null}},"32":{"start":{"line":84,"column":8},"end":{"line":84,"column":null}},"33":{"start":{"line":86,"column":8},"end":{"line":86,"column":null}},"34":{"start":{"line":87,"column":8},"end":{"line":87,"column":null}},"35":{"start":{"line":89,"column":8},"end":{"line":89,"column":null}},"36":{"start":{"line":90,"column":8},"end":{"line":90,"column":null}},"37":{"start":{"line":92,"column":8},"end":{"line":96,"column":null}},"38":{"start":{"line":93,"column":10},"end":{"line":93,"column":null}},"39":{"start":{"line":95,"column":10},"end":{"line":95,"column":null}},"40":{"start":{"line":97,"column":8},"end":{"line":97,"column":null}},"41":{"start":{"line":99,"column":8},"end":{"line":99,"column":null}},"42":{"start":{"line":100,"column":8},"end":{"line":100,"column":null}},"43":{"start":{"line":102,"column":8},"end":{"line":102,"column":null}},"44":{"start":{"line":110,"column":4},"end":{"line":121,"column":null}},"45":{"start":{"line":111,"column":20},"end":{"line":111,"column":null}},"46":{"start":{"line":112,"column":6},"end":{"line":117,"column":null}},"47":{"start":{"line":113,"column":8},"end":{"line":113,"column":null}},"48":{"start":{"line":116,"column":8},"end":{"line":116,"column":null}},"49":{"start":{"line":119,"column":6},"end":{"line":119,"column":null}},"50":{"start":{"line":120,"column":6},"end":{"line":120,"column":null}},"51":{"start":{"line":128,"column":4},"end":{"line":128,"column":null}},"52":{"start":{"line":128,"column":26},"end":{"line":128,"column":null}},"53":{"start":{"line":130,"column":4},"end":{"line":145,"column":null}},"54":{"start":{"line":131,"column":6},"end":{"line":140,"column":null}},"55":{"start":{"line":132,"column":8},"end":{"line":134,"column":null}},"56":{"start":{"line":133,"column":10},"end":{"line":133,"column":null}},"57":{"start":{"line":135,"column":8},"end":{"line":135,"column":null}},"58":{"start":{"line":136,"column":8},"end":{"line":136,"column":null}},"59":{"start":{"line":137,"column":8},"end":{"line":139,"column":null}},"60":{"start":{"line":138,"column":10},"end":{"line":138,"column":null}},"61":{"start":{"line":142,"column":6},"end":{"line":142,"column":null}},"62":{"start":{"line":144,"column":6},"end":{"line":144,"column":null}},"63":{"start":{"line":152,"column":4},"end":{"line":174,"column":null}},"64":{"start":{"line":153,"column":20},"end":{"line":153,"column":null}},"65":{"start":{"line":154,"column":6},"end":{"line":157,"column":null}},"66":{"start":{"line":155,"column":8},"end":{"line":155,"column":null}},"67":{"start":{"line":156,"column":8},"end":{"line":156,"column":null}},"68":{"start":{"line":159,"column":24},"end":{"line":159,"column":null}},"69":{"start":{"line":160,"column":6},"end":{"line":163,"column":null}},"70":{"start":{"line":161,"column":8},"end":{"line":161,"column":null}},"71":{"start":{"line":162,"column":8},"end":{"line":162,"column":null}},"72":{"start":{"line":166,"column":44},"end":{"line":166,"column":null}},"73":{"start":{"line":169,"column":6},"end":{"line":169,"column":null}},"74":{"start":{"line":171,"column":6},"end":{"line":171,"column":null}},"75":{"start":{"line":173,"column":6},"end":{"line":173,"column":null}}},"fnMap":{"0":{"name":"(anonymous_0)","decl":{"start":{"line":11,"column":2},"end":{"line":11,"column":16}},"loc":{"start":{"line":11,"column":52},"end":{"line":13,"column":null}},"line":11},"1":{"name":"(anonymous_1)","decl":{"start":{"line":18,"column":2},"end":{"line":18,"column":22}},"loc":{"start":{"line":18,"column":22},"end":{"line":43,"column":null}},"line":18},"2":{"name":"(anonymous_2)","decl":{"start":{"line":48,"column":8},"end":{"line":48,"column":22}},"loc":{"start":{"line":48,"column":52},"end":{"line":75,"column":null}},"line":48},"3":{"name":"(anonymous_3)","decl":{"start":{"line":80,"column":10},"end":{"line":80,"column":30}},"loc":{"start":{"line":80,"column":53},"end":{"line":104,"column":null}},"line":80},"4":{"name":"(anonymous_4)","decl":{"start":{"line":109,"column":10},"end":{"line":109,"column":24}},"loc":{"start":{"line":109,"column":47},"end":{"line":122,"column":null}},"line":109},"5":{"name":"(anonymous_5)","decl":{"start":{"line":127,"column":2},"end":{"line":127,"column":26}},"loc":{"start":{"line":127,"column":26},"end":{"line":146,"column":null}},"line":127},"6":{"name":"(anonymous_6)","decl":{"start":{"line":151,"column":8},"end":{"line":151,"column":43}},"loc":{"start":{"line":151,"column":43},"end":{"line":175,"column":null}},"line":151}},"branchMap":{"0":{"loc":{"start":{"line":19,"column":4},"end":{"line":19,"column":null}},"type":"if","locations":[{"start":{"line":19,"column":4},"end":{"line":19,"column":null}},{"start":{},"end":{}}],"line":19},"1":{"loc":{"start":{"line":23,"column":6},"end":{"line":26,"column":null}},"type":"if","locations":[{"start":{"line":23,"column":6},"end":{"line":26,"column":null}},{"start":{},"end":{}}],"line":23},"2":{"loc":{"start":{"line":23,"column":10},"end":{"line":23,"column":70}},"type":"binary-expr","locations":[{"start":{"line":23,"column":10},"end":{"line":23,"column":41}},{"start":{"line":23,"column":41},"end":{"line":23,"column":70}}],"line":23},"3":{"loc":{"start":{"line":29,"column":6},"end":{"line":31,"column":null}},"type":"if","locations":[{"start":{"line":29,"column":6},"end":{"line":31,"column":null}},{"start":{},"end":{}}],"line":29},"4":{"loc":{"start":{"line":37,"column":6},"end":{"line":39,"column":null}},"type":"if","locations":[{"start":{"line":37,"column":6},"end":{"line":39,"column":null}},{"start":{},"end":{}}],"line":37},"5":{"loc":{"start":{"line":51,"column":6},"end":{"line":54,"column":null}},"type":"if","locations":[{"start":{"line":51,"column":6},"end":{"line":54,"column":null}},{"start":{},"end":{}}],"line":51},"6":{"loc":{"start":{"line":51,"column":10},"end":{"line":51,"column":43}},"type":"binary-expr","locations":[{"start":{"line":51,"column":10},"end":{"line":51,"column":20}},{"start":{"line":51,"column":20},"end":{"line":51,"column":43}}],"line":51},"7":{"loc":{"start":{"line":57,"column":6},"end":{"line":60,"column":null}},"type":"if","locations":[{"start":{"line":57,"column":6},"end":{"line":60,"column":null}},{"start":{},"end":{}}],"line":57},"8":{"loc":{"start":{"line":63,"column":6},"end":{"line":65,"column":null}},"type":"if","locations":[{"start":{"line":63,"column":6},"end":{"line":65,"column":null}},{"start":{},"end":{}}],"line":63},"9":{"loc":{"start":{"line":63,"column":10},"end":{"line":63,"column":61}},"type":"binary-expr","locations":[{"start":{"line":63,"column":10},"end":{"line":63,"column":29}},{"start":{"line":63,"column":29},"end":{"line":63,"column":61}}],"line":63},"10":{"loc":{"start":{"line":81,"column":4},"end":{"line":103,"column":null}},"type":"switch","locations":[{"start":{"line":82,"column":6},"end":{"line":84,"column":null}},{"start":{"line":85,"column":6},"end":{"line":87,"column":null}},{"start":{"line":88,"column":6},"end":{"line":90,"column":null}},{"start":{"line":91,"column":6},"end":{"line":97,"column":null}},{"start":{"line":98,"column":6},"end":{"line":100,"column":null}},{"start":{"line":101,"column":6},"end":{"line":102,"column":null}}],"line":81},"11":{"loc":{"start":{"line":92,"column":8},"end":{"line":96,"column":null}},"type":"if","locations":[{"start":{"line":92,"column":8},"end":{"line":96,"column":null}},{"start":{"line":94,"column":15},"end":{"line":96,"column":null}}],"line":92},"12":{"loc":{"start":{"line":92,"column":12},"end":{"line":92,"column":58}},"type":"binary-expr","locations":[{"start":{"line":92,"column":12},"end":{"line":92,"column":35}},{"start":{"line":92,"column":35},"end":{"line":92,"column":58}}],"line":92},"13":{"loc":{"start":{"line":112,"column":6},"end":{"line":117,"column":null}},"type":"if","locations":[{"start":{"line":112,"column":6},"end":{"line":117,"column":null}},{"start":{"line":114,"column":13},"end":{"line":117,"column":null}}],"line":112},"14":{"loc":{"start":{"line":128,"column":4},"end":{"line":128,"column":null}},"type":"if","locations":[{"start":{"line":128,"column":4},"end":{"line":128,"column":null}},{"start":{},"end":{}}],"line":128},"15":{"loc":{"start":{"line":131,"column":6},"end":{"line":140,"column":null}},"type":"if","locations":[{"start":{"line":131,"column":6},"end":{"line":140,"column":null}},{"start":{},"end":{}}],"line":131},"16":{"loc":{"start":{"line":131,"column":10},"end":{"line":131,"column":73}},"type":"binary-expr","locations":[{"start":{"line":131,"column":10},"end":{"line":131,"column":42}},{"start":{"line":131,"column":42},"end":{"line":131,"column":73}}],"line":131},"17":{"loc":{"start":{"line":132,"column":8},"end":{"line":134,"column":null}},"type":"if","locations":[{"start":{"line":132,"column":8},"end":{"line":134,"column":null}},{"start":{},"end":{}}],"line":132},"18":{"loc":{"start":{"line":137,"column":8},"end":{"line":139,"column":null}},"type":"if","locations":[{"start":{"line":137,"column":8},"end":{"line":139,"column":null}},{"start":{},"end":{}}],"line":137},"19":{"loc":{"start":{"line":154,"column":6},"end":{"line":157,"column":null}},"type":"if","locations":[{"start":{"line":154,"column":6},"end":{"line":157,"column":null}},{"start":{},"end":{}}],"line":154},"20":{"loc":{"start":{"line":154,"column":10},"end":{"line":154,"column":40}},"type":"binary-expr","locations":[{"start":{"line":154,"column":10},"end":{"line":154,"column":20}},{"start":{"line":154,"column":20},"end":{"line":154,"column":40}}],"line":154},"21":{"loc":{"start":{"line":160,"column":6},"end":{"line":163,"column":null}},"type":"if","locations":[{"start":{"line":160,"column":6},"end":{"line":163,"column":null}},{"start":{},"end":{}}],"line":160}},"s":{"0":15,"1":11,"2":4,"3":1,"4":3,"5":3,"6":1,"7":1,"8":2,"9":1,"10":2,"11":2,"12":2,"13":0,"14":0,"15":4,"16":4,"17":4,"18":1,"19":1,"20":3,"21":3,"22":0,"23":0,"24":3,"25":3,"26":3,"27":3,"28":3,"29":0,"30":3,"31":2,"32":2,"33":1,"34":1,"35":0,"36":0,"37":0,"38":0,"39":0,"40":0,"41":0,"42":0,"43":0,"44":0,"45":0,"46":0,"47":0,"48":0,"49":0,"50":0,"51":2,"52":0,"53":2,"54":2,"55":1,"56":0,"57":1,"58":1,"59":1,"60":0,"61":2,"62":0,"63":0,"64":0,"65":0,"66":0,"67":0,"68":0,"69":0,"70":0,"71":0,"72":0,"73":0,"74":0,"75":0},"f":{"0":11,"1":4,"2":4,"3":3,"4":0,"5":2,"6":0},"b":{"0":[1,3],"1":[1,2],"2":[3,3],"3":[1,1],"4":[0,2],"5":[1,3],"6":[4,4],"7":[0,3],"8":[3,0],"9":[3,3],"10":[2,1,0,0,0,0],"11":[0,0],"12":[0,0],"13":[0,0],"14":[0,2],"15":[1,1],"16":[2,1],"17":[0,1],"18":[0,1],"19":[0,0],"20":[0,0],"21":[0,0]},"meta":{"lastBranch":22,"lastFunction":7,"lastStatement":76,"seen":{"s:9:45:9:Infinity":0,"f:11:2:11:16":0,"s:12:4:12:Infinity":1,"f:18:2:18:22":1,"b:19:4:19:Infinity:undefined:undefined:undefined:undefined":0,"s:19:4:19:Infinity":2,"s:19:26:19:Infinity":3,"s:21:4:42:Infinity":4,"b:23:6:26:Infinity:undefined:undefined:undefined:undefined":1,"s:23:6:26:Infinity":5,"b:23:10:23:41:23:41:23:70":2,"s:24:8:24:Infinity":6,"s:25:8:25:Infinity":7,"b:29:6:31:Infinity:undefined:undefined:undefined:undefined":3,"s:29:6:31:Infinity":8,"s:30:8:30:Infinity":9,"s:33:6:33:Infinity":10,"s:34:6:34:Infinity":11,"b:37:6:39:Infinity:undefined:undefined:undefined:undefined":4,"s:37:6:39:Infinity":12,"s:38:8:38:Infinity":13,"s:41:6:41:Infinity":14,"f:48:8:48:22":2,"s:49:4:74:Infinity":15,"s:50:20:50:Infinity":16,"b:51:6:54:Infinity:undefined:undefined:undefined:undefined":5,"s:51:6:54:Infinity":17,"b:51:10:51:20:51:20:51:43":6,"s:52:8:52:Infinity":18,"s:53:8:53:Infinity":19,"s:56:25:56:Infinity":20,"b:57:6:60:Infinity:undefined:undefined:undefined:undefined":7,"s:57:6:60:Infinity":21,"s:58:8:58:Infinity":22,"s:59:8:59:Infinity":23,"b:63:6:65:Infinity:undefined:undefined:undefined:undefined":8,"s:63:6:65:Infinity":24,"b:63:10:63:29:63:29:63:61":9,"s:64:8:64:Infinity":25,"s:68:6:68:Infinity":26,"s:70:6:70:Infinity":27,"s:71:6:71:Infinity":28,"s:73:6:73:Infinity":29,"f:80:10:80:30":3,"b:82:6:84:Infinity:85:6:87:Infinity:88:6:90:Infinity:91:6:97:Infinity:98:6:100:Infinity:101:6:102:Infinity":10,"s:81:4:103:Infinity":30,"s:83:8:83:Infinity":31,"s:84:8:84:Infinity":32,"s:86:8:86:Infinity":33,"s:87:8:87:Infinity":34,"s:89:8:89:Infinity":35,"s:90:8:90:Infinity":36,"b:92:8:96:Infinity:94:15:96:Infinity":11,"s:92:8:96:Infinity":37,"b:92:12:92:35:92:35:92:58":12,"s:93:10:93:Infinity":38,"s:95:10:95:Infinity":39,"s:97:8:97:Infinity":40,"s:99:8:99:Infinity":41,"s:100:8:100:Infinity":42,"s:102:8:102:Infinity":43,"f:109:10:109:24":4,"s:110:4:121:Infinity":44,"s:111:20:111:Infinity":45,"b:112:6:117:Infinity:114:13:117:Infinity":13,"s:112:6:117:Infinity":46,"s:113:8:113:Infinity":47,"s:116:8:116:Infinity":48,"s:119:6:119:Infinity":49,"s:120:6:120:Infinity":50,"f:127:2:127:26":5,"b:128:4:128:Infinity:undefined:undefined:undefined:undefined":14,"s:128:4:128:Infinity":51,"s:128:26:128:Infinity":52,"s:130:4:145:Infinity":53,"b:131:6:140:Infinity:undefined:undefined:undefined:undefined":15,"s:131:6:140:Infinity":54,"b:131:10:131:42:131:42:131:73":16,"b:132:8:134:Infinity:undefined:undefined:undefined:undefined":17,"s:132:8:134:Infinity":55,"s:133:10:133:Infinity":56,"s:135:8:135:Infinity":57,"s:136:8:136:Infinity":58,"b:137:8:139:Infinity:undefined:undefined:undefined:undefined":18,"s:137:8:139:Infinity":59,"s:138:10:138:Infinity":60,"s:142:6:142:Infinity":61,"s:144:6:144:Infinity":62,"f:151:8:151:43":6,"s:152:4:174:Infinity":63,"s:153:20:153:Infinity":64,"b:154:6:157:Infinity:undefined:undefined:undefined:undefined":19,"s:154:6:157:Infinity":65,"b:154:10:154:20:154:20:154:40":20,"s:155:8:155:Infinity":66,"s:156:8:156:Infinity":67,"s:159:24:159:Infinity":68,"b:160:6:163:Infinity:undefined:undefined:undefined:undefined":21,"s:160:6:163:Infinity":69,"s:161:8:161:Infinity":70,"s:162:8:162:Infinity":71,"s:166:44:166:Infinity":72,"s:169:6:169:Infinity":73,"s:171:6:171:Infinity":74,"s:173:6:173:Infinity":75}}}
,"C:\\Users\\danes\\OneDrive\\Documents\\Code Projects\\clipless\\src\\main\\hotkeys\\manager.ts": {"path":"C:\\Users\\danes\\OneDrive\\Documents\\Code Projects\\clipless\\src\\main\\hotkeys\\manager.ts","statementMap":{"0":{"start":{"line":10,"column":21},"end":{"line":10,"column":null}},"1":{"start":{"line":11,"column":20},"end":{"line":11,"column":null}},"2":{"start":{"line":14,"column":4},"end":{"line":14,"column":null}},"3":{"start":{"line":18,"column":4},"end":{"line":18,"column":null}},"4":{"start":{"line":19,"column":4},"end":{"line":22,"column":null}},"5":{"start":{"line":20,"column":6},"end":{"line":20,"column":null}},"6":{"start":{"line":21,"column":6},"end":{"line":21,"column":null}},"7":{"start":{"line":24,"column":4},"end":{"line":31,"column":null}},"8":{"start":{"line":25,"column":6},"end":{"line":25,"column":null}},"9":{"start":{"line":26,"column":6},"end":{"line":26,"column":null}},"10":{"start":{"line":27,"column":6},"end":{"line":27,"column":null}},"11":{"start":{"line":28,"column":6},"end":{"line":28,"column":null}},"12":{"start":{"line":30,"column":6},"end":{"line":30,"column":null}},"13":{"start":{"line":35,"column":4},"end":{"line":63,"column":null}},"14":{"start":{"line":37,"column":6},"end":{"line":37,"column":null}},"15":{"start":{"line":39,"column":23},"end":{"line":39,"column":null}},"16":{"start":{"line":40,"column":6},"end":{"line":40,"column":null}},"17":{"start":{"line":42,"column":6},"end":{"line":45,"column":null}},"18":{"start":{"line":43,"column":8},"end":{"line":43,"column":null}},"19":{"start":{"line":44,"column":8},"end":{"line":44,"column":null}},"20":{"start":{"line":47,"column":26},"end":{"line":47,"column":null}},"21":{"start":{"line":48,"column":6},"end":{"line":48,"column":null}},"22":{"start":{"line":51,"column":6},"end":{"line":51,"column":null}},"23":{"start":{"line":54,"column":6},"end":{"line":54,"column":null}},"24":{"start":{"line":57,"column":6},"end":{"line":57,"column":null}},"25":{"start":{"line":60,"column":6},"end":{"line":60,"column":null}},"26":{"start":{"line":62,"column":6},"end":{"line":62,"column":null}},"27":{"start":{"line":67,"column":4},"end":{"line":74,"column":null}},"28":{"start":{"line":68,"column":6},"end":{"line":70,"column":null}},"29":{"start":{"line":71,"column":6},"end":{"line":73,"column":null}},"30":{"start":{"line":72,"column":8},"end":{"line":72,"column":null}},"31":{"start":{"line":79,"column":29},"end":{"line":85,"column":null}},"32":{"start":{"line":87,"column":4},"end":{"line":96,"column":null}},"33":{"start":{"line":88,"column":6},"end":{"line":95,"column":null}},"34":{"start":{"line":89,"column":8},"end":{"line":91,"column":null}},"35":{"start":{"line":92,"column":8},"end":{"line":94,"column":null}},"36":{"start":{"line":93,"column":10},"end":{"line":93,"column":null}},"37":{"start":{"line":101,"column":32},"end":{"line":104,"column":null}},"38":{"start":{"line":106,"column":4},"end":{"line":113,"column":null}},"39":{"start":{"line":107,"column":6},"end":{"line":109,"column":null}},"40":{"start":{"line":110,"column":6},"end":{"line":112,"column":null}},"41":{"start":{"line":111,"column":8},"end":{"line":111,"column":null}},"42":{"start":{"line":117,"column":25},"end":{"line":120,"column":null}},"43":{"start":{"line":122,"column":4},"end":{"line":129,"column":null}},"44":{"start":{"line":123,"column":6},"end":{"line":125,"column":null}},"45":{"start":{"line":126,"column":6},"end":{"line":128,"column":null}},"46":{"start":{"line":127,"column":8},"end":{"line":127,"column":null}},"47":{"start":{"line":133,"column":4},"end":{"line":136,"column":null}},"48":{"start":{"line":137,"column":4},"end":{"line":141,"column":null}},"49":{"start":{"line":138,"column":6},"end":{"line":138,"column":null}},"50":{"start":{"line":139,"column":6},"end":{"line":139,"column":null}},"51":{"start":{"line":140,"column":6},"end":{"line":140,"column":null}},"52":{"start":{"line":143,"column":4},"end":{"line":148,"column":null}},"53":{"start":{"line":144,"column":6},"end":{"line":144,"column":null}},"54":{"start":{"line":145,"column":6},"end":{"line":145,"column":null}},"55":{"start":{"line":147,"column":6},"end":{"line":147,"column":null}},"56":{"start":{"line":152,"column":4},"end":{"line":152,"column":null}},"57":{"start":{"line":157,"column":4},"end":{"line":157,"column":null}},"58":{"start":{"line":161,"column":4},"end":{"line":161,"column":null}},"59":{"start":{"line":165,"column":4},"end":{"line":165,"column":null}}},"fnMap":{"0":{"name":"(anonymous_0)","decl":{"start":{"line":13,"column":2},"end":{"line":13,"column":16}},"loc":{"start":{"line":13,"column":52},"end":{"line":15,"column":null}},"line":13},"1":{"name":"(anonymous_1)","decl":{"start":{"line":17,"column":8},"end":{"line":17,"column":36}},"loc":{"start":{"line":17,"column":36},"end":{"line":32,"column":null}},"line":17},"2":{"name":"(anonymous_2)","decl":{"start":{"line":34,"column":8},"end":{"line":34,"column":41}},"loc":{"start":{"line":34,"column":41},"end":{"line":64,"column":null}},"line":34},"3":{"name":"(anonymous_3)","decl":{"start":{"line":66,"column":10},"end":{"line":66,"column":36}},"loc":{"start":{"line":66,"column":56},"end":{"line":75,"column":null}},"line":66},"4":{"name":"(anonymous_4)","decl":{"start":{"line":71,"column":60},"end":{"line":71,"column":66}},"loc":{"start":{"line":71,"column":66},"end":{"line":73,"column":7}},"line":71},"5":{"name":"(anonymous_5)","decl":{"start":{"line":77,"column":10},"end":{"line":77,"column":35}},"loc":{"start":{"line":77,"column":55},"end":{"line":97,"column":null}},"line":77},"6":{"name":"(anonymous_6)","decl":{"start":{"line":92,"column":49},"end":{"line":92,"column":55}},"loc":{"start":{"line":92,"column":55},"end":{"line":94,"column":9}},"line":92},"7":{"name":"(anonymous_7)","decl":{"start":{"line":99,"column":10},"end":{"line":99,"column":38}},"loc":{"start":{"line":99,"column":58},"end":{"line":114,"column":null}},"line":99},"8":{"name":"(anonymous_8)","decl":{"start":{"line":110,"column":60},"end":{"line":110,"column":66}},"loc":{"start":{"line":110,"column":66},"end":{"line":112,"column":7}},"line":110},"9":{"name":"(anonymous_9)","decl":{"start":{"line":116,"column":10},"end":{"line":116,"column":31}},"loc":{"start":{"line":116,"column":51},"end":{"line":130,"column":null}},"line":116},"10":{"name":"(anonymous_10)","decl":{"start":{"line":126,"column":53},"end":{"line":126,"column":59}},"loc":{"start":{"line":126,"column":59},"end":{"line":128,"column":7}},"line":126},"11":{"name":"(anonymous_11)","decl":{"start":{"line":132,"column":8},"end":{"line":132,"column":43}},"loc":{"start":{"line":132,"column":43},"end":{"line":149,"column":null}},"line":132},"12":{"name":"(anonymous_12)","decl":{"start":{"line":151,"column":2},"end":{"line":151,"column":18}},"loc":{"start":{"line":151,"column":18},"end":{"line":153,"column":null}},"line":151},"13":{"name":"(anonymous_13)","decl":{"start":{"line":156,"column":2},"end":{"line":156,"column":32}},"loc":{"start":{"line":156,"column":32},"end":{"line":158,"column":null}},"line":156},"14":{"name":"(anonymous_14)","decl":{"start":{"line":160,"column":2},"end":{"line":160,"column":21}},"loc":{"start":{"line":160,"column":51},"end":{"line":162,"column":null}},"line":160},"15":{"name":"(anonymous_15)","decl":{"start":{"line":164,"column":6},"end":{"line":164,"column":31}},"loc":{"start":{"line":164,"column":31},"end":{"line":166,"column":null}},"line":164}},"branchMap":{"0":{"loc":{"start":{"line":19,"column":4},"end":{"line":22,"column":null}},"type":"if","locations":[{"start":{"line":19,"column":4},"end":{"line":22,"column":null}},{"start":{},"end":{}}],"line":19},"1":{"loc":{"start":{"line":42,"column":6},"end":{"line":45,"column":null}},"type":"if","locations":[{"start":{"line":42,"column":6},"end":{"line":45,"column":null}},{"start":{},"end":{}}],"line":42},"2":{"loc":{"start":{"line":67,"column":4},"end":{"line":74,"column":null}},"type":"if","locations":[{"start":{"line":67,"column":4},"end":{"line":74,"column":null}},{"start":{},"end":{}}],"line":67},"3":{"loc":{"start":{"line":88,"column":6},"end":{"line":95,"column":null}},"type":"if","locations":[{"start":{"line":88,"column":6},"end":{"line":95,"column":null}},{"start":{},"end":{}}],"line":88},"4":{"loc":{"start":{"line":101,"column":32},"end":{"line":104,"column":null}},"type":"binary-expr","locations":[{"start":{"line":101,"column":32},"end":{"line":101,"column":61}},{"start":{"line":101,"column":61},"end":{"line":104,"column":null}}],"line":101},"5":{"loc":{"start":{"line":106,"column":4},"end":{"line":113,"column":null}},"type":"if","locations":[{"start":{"line":106,"column":4},"end":{"line":113,"column":null}},{"start":{},"end":{}}],"line":106},"6":{"loc":{"start":{"line":117,"column":25},"end":{"line":120,"column":null}},"type":"binary-expr","locations":[{"start":{"line":117,"column":25},"end":{"line":117,"column":48}},{"start":{"line":117,"column":48},"end":{"line":120,"column":null}}],"line":117},"7":{"loc":{"start":{"line":122,"column":4},"end":{"line":129,"column":null}},"type":"if","locations":[{"start":{"line":122,"column":4},"end":{"line":129,"column":null}},{"start":{},"end":{}}],"line":122},"8":{"loc":{"start":{"line":137,"column":4},"end":{"line":141,"column":null}},"type":"if","locations":[{"start":{"line":137,"column":4},"end":{"line":141,"column":null}},{"start":{},"end":{}}],"line":137}},"s":{"0":5,"1":5,"2":0,"3":6,"4":6,"5":1,"6":1,"7":5,"8":5,"9":5,"10":5,"11":5,"12":0,"13":6,"14":6,"15":6,"16":6,"17":6,"18":5,"19":5,"20":1,"21":1,"22":1,"23":1,"24":1,"25":1,"26":0,"27":1,"28":1,"29":1,"30":0,"31":1,"32":1,"33":5,"34":1,"35":1,"36":0,"37":1,"38":1,"39":0,"40":0,"41":0,"42":1,"43":1,"44":0,"45":0,"46":0,"47":1,"48":1,"49":0,"50":0,"51":0,"52":1,"53":1,"54":1,"55":0,"56":1,"57":0,"58":0,"59":2},"f":{"0":0,"1":6,"2":6,"3":1,"4":0,"5":1,"6":0,"7":1,"8":0,"9":1,"10":0,"11":1,"12":1,"13":0,"14":0,"15":2},"b":{"0":[1,5],"1":[5,1],"2":[1,0],"3":[1,4],"4":[1,0],"5":[0,1],"6":[1,0],"7":[0,1],"8":[0,1]},"meta":{"lastBranch":9,"lastFunction":16,"lastStatement":60,"seen":{"s:10:21:10:Infinity":0,"s:11:20:11:Infinity":1,"f:13:2:13:16":0,"s:14:4:14:Infinity":2,"f:17:8:17:36":1,"s:18:4:18:Infinity":3,"b:19:4:22:Infinity:undefined:undefined:undefined:undefined":0,"s:19:4:22:Infinity":4,"s:20:6:20:Infinity":5,"s:21:6:21:Infinity":6,"s:24:4:31:Infinity":7,"s:25:6:25:Infinity":8,"s:26:6:26:Infinity":9,"s:27:6:27:Infinity":10,"s:28:6:28:Infinity":11,"s:30:6:30:Infinity":12,"f:34:8:34:41":2,"s:35:4:63:Infinity":13,"s:37:6:37:Infinity":14,"s:39:23:39:Infinity":15,"s:40:6:40:Infinity":16,"b:42:6:45:Infinity:undefined:undefined:undefined:undefined":1,"s:42:6:45:Infinity":17,"s:43:8:43:Infinity":18,"s:44:8:44:Infinity":19,"s:47:26:47:Infinity":20,"s:48:6:48:Infinity":21,"s:51:6:51:Infinity":22,"s:54:6:54:Infinity":23,"s:57:6:57:Infinity":24,"s:60:6:60:Infinity":25,"s:62:6:62:Infinity":26,"f:66:10:66:36":3,"b:67:4:74:Infinity:undefined:undefined:undefined:undefined":2,"s:67:4:74:Infinity":27,"s:68:6:70:Infinity":28,"s:71:6:73:Infinity":29,"f:71:60:71:66":4,"s:72:8:72:Infinity":30,"f:77:10:77:35":5,"s:79:29:85:Infinity":31,"s:87:4:96:Infinity":32,"b:88:6:95:Infinity:undefined:undefined:undefined:undefined":3,"s:88:6:95:Infinity":33,"s:89:8:91:Infinity":34,"s:92:8:94:Infinity":35,"f:92:49:92:55":6,"s:93:10:93:Infinity":36,"f:99:10:99:38":7,"s:101:32:104:Infinity":37,"b:101:32:101:61:101:61:104:Infinity":4,"b:106:4:113:Infinity:undefined:undefined:undefined:undefined":5,"s:106:4:113:Infinity":38,"s:107:6:109:Infinity":39,"s:110:6:112:Infinity":40,"f:110:60:110:66":8,"s:111:8:111:Infinity":41,"f:116:10:116:31":9,"s:117:25:120:Infinity":42,"b:117:25:117:48:117:48:120:Infinity":6,"b:122:4:129:Infinity:undefined:undefined:undefined:undefined":7,"s:122:4:129:Infinity":43,"s:123:6:125:Infinity":44,"s:126:6:128:Infinity":45,"f:126:53:126:59":10,"s:127:8:127:Infinity":46,"f:132:8:132:43":11,"s:133:4:136:Infinity":47,"b:137:4:141:Infinity:undefined:undefined:undefined:undefined":8,"s:137:4:141:Infinity":48,"s:138:6:138:Infinity":49,"s:139:6:139:Infinity":50,"s:140:6:140:Infinity":51,"s:143:4:148:Infinity":52,"s:144:6:144:Infinity":53,"s:145:6:145:Infinity":54,"s:147:6:147:Infinity":55,"f:151:2:151:18":12,"s:152:4:152:Infinity":56,"f:156:2:156:32":13,"s:157:4:157:Infinity":57,"f:160:2:160:21":14,"s:161:4:161:Infinity":58,"f:164:6:164:31":15,"s:165:4:165:Infinity":59}}}
,"C:\\Users\\danes\\OneDrive\\Documents\\Code Projects\\clipless\\src\\main\\hotkeys\\registry.ts": {"path":"C:\\Users\\danes\\OneDrive\\Documents\\Code Projects\\clipless\\src\\main\\hotkeys\\registry.ts","statementMap":{"0":{"start":{"line":8,"column":39},"end":{"line":11,"column":null}},"1":{"start":{"line":14,"column":4},"end":{"line":14,"column":null}},"2":{"start":{"line":18,"column":4},"end":{"line":18,"column":null}},"3":{"start":{"line":25,"column":4},"end":{"line":44,"column":null}},"4":{"start":{"line":27,"column":6},"end":{"line":30,"column":null}},"5":{"start":{"line":28,"column":8},"end":{"line":28,"column":null}},"6":{"start":{"line":29,"column":8},"end":{"line":29,"column":null}},"7":{"start":{"line":32,"column":22},"end":{"line":32,"column":null}},"8":{"start":{"line":33,"column":6},"end":{"line":40,"column":null}},"9":{"start":{"line":34,"column":8},"end":{"line":34,"column":null}},"10":{"start":{"line":35,"column":8},"end":{"line":35,"column":null}},"11":{"start":{"line":36,"column":8},"end":{"line":36,"column":null}},"12":{"start":{"line":38,"column":8},"end":{"line":38,"column":null}},"13":{"start":{"line":39,"column":8},"end":{"line":39,"column":null}},"14":{"start":{"line":42,"column":6},"end":{"line":42,"column":null}},"15":{"start":{"line":43,"column":6},"end":{"line":43,"column":null}},"16":{"start":{"line":51,"column":4},"end":{"line":57,"column":null}},"17":{"start":{"line":52,"column":6},"end":{"line":56,"column":null}},"18":{"start":{"line":53,"column":8},"end":{"line":53,"column":null}},"19":{"start":{"line":55,"column":8},"end":{"line":55,"column":null}},"20":{"start":{"line":58,"column":4},"end":{"line":58,"column":null}},"21":{"start":{"line":65,"column":4},"end":{"line":65,"column":null}},"22":{"start":{"line":72,"column":4},"end":{"line":72,"column":null}},"23":{"start":{"line":79,"column":4},"end":{"line":79,"column":null}},"24":{"start":{"line":80,"column":4},"end":{"line":80,"column":null}}},"fnMap":{"0":{"name":"(anonymous_0)","decl":{"start":{"line":13,"column":6},"end":{"line":13,"column":31}},"loc":{"start":{"line":13,"column":31},"end":{"line":15,"column":null}},"line":13},"1":{"name":"(anonymous_1)","decl":{"start":{"line":17,"column":2},"end":{"line":17,"column":17}},"loc":{"start":{"line":17,"column":39},"end":{"line":19,"column":null}},"line":17},"2":{"name":"(anonymous_2)","decl":{"start":{"line":24,"column":2},"end":{"line":24,"column":17}},"loc":{"start":{"line":24,"column":69},"end":{"line":45,"column":null}},"line":24},"3":{"name":"(anonymous_3)","decl":{"start":{"line":50,"column":2},"end":{"line":50,"column":31}},"loc":{"start":{"line":50,"column":31},"end":{"line":59,"column":null}},"line":50},"4":{"name":"(anonymous_4)","decl":{"start":{"line":51,"column":38},"end":{"line":51,"column":39}},"loc":{"start":{"line":51,"column":55},"end":{"line":57,"column":5}},"line":51},"5":{"name":"(anonymous_5)","decl":{"start":{"line":64,"column":2},"end":{"line":64,"column":32}},"loc":{"start":{"line":64,"column":32},"end":{"line":66,"column":null}},"line":64},"6":{"name":"(anonymous_6)","decl":{"start":{"line":71,"column":2},"end":{"line":71,"column":21}},"loc":{"start":{"line":71,"column":51},"end":{"line":73,"column":null}},"line":71},"7":{"name":"(anonymous_7)","decl":{"start":{"line":78,"column":2},"end":{"line":78,"column":18}},"loc":{"start":{"line":78,"column":18},"end":{"line":81,"column":null}},"line":78}},"branchMap":{"0":{"loc":{"start":{"line":27,"column":6},"end":{"line":30,"column":null}},"type":"if","locations":[{"start":{"line":27,"column":6},"end":{"line":30,"column":null}},{"start":{},"end":{}}],"line":27},"1":{"loc":{"start":{"line":33,"column":6},"end":{"line":40,"column":null}},"type":"if","locations":[{"start":{"line":33,"column":6},"end":{"line":40,"column":null}},{"start":{"line":37,"column":13},"end":{"line":40,"column":null}}],"line":33}},"s":{"0":13,"1":11,"2":6,"3":12,"4":12,"5":1,"6":1,"7":11,"8":11,"9":10,"10":10,"11":10,"12":1,"13":1,"14":0,"15":0,"16":9,"17":3,"18":3,"19":0,"20":9,"21":3,"22":2,"23":2,"24":2},"f":{"0":11,"1":6,"2":12,"3":9,"4":3,"5":3,"6":2,"7":2},"b":{"0":[1,11],"1":[10,1]},"meta":{"lastBranch":2,"lastFunction":8,"lastStatement":25,"seen":{"s:8:39:11:Infinity":0,"f:13:6:13:31":0,"s:14:4:14:Infinity":1,"f:17:2:17:17":1,"s:18:4:18:Infinity":2,"f:24:2:24:17":2,"s:25:4:44:Infinity":3,"b:27:6:30:Infinity:undefined:undefined:undefined:undefined":0,"s:27:6:30:Infinity":4,"s:28:8:28:Infinity":5,"s:29:8:29:Infinity":6,"s:32:22:32:Infinity":7,"b:33:6:40:Infinity:37:13:40:Infinity":1,"s:33:6:40:Infinity":8,"s:34:8:34:Infinity":9,"s:35:8:35:Infinity":10,"s:36:8:36:Infinity":11,"s:38:8:38:Infinity":12,"s:39:8:39:Infinity":13,"s:42:6:42:Infinity":14,"s:43:6:43:Infinity":15,"f:50:2:50:31":3,"s:51:4:57:Infinity":16,"f:51:38:51:39":4,"s:52:6:56:Infinity":17,"s:53:8:53:Infinity":18,"s:55:8:55:Infinity":19,"s:58:4:58:Infinity":20,"f:64:2:64:32":5,"s:65:4:65:Infinity":21,"f:71:2:71:21":6,"s:72:4:72:Infinity":22,"f:78:2:78:18":7,"s:79:4:79:Infinity":23,"s:80:4:80:Infinity":24}}}
,"C:\\Users\\danes\\OneDrive\\Documents\\Code Projects\\clipless\\src\\main\\storage\\defaults.ts": {"path":"C:\\Users\\danes\\OneDrive\\Documents\\Code Projects\\clipless\\src\\main\\storage\\defaults.ts","statementMap":{"0":{"start":{"line":4,"column":55},"end":{"line":38,"column":null}},"1":{"start":{"line":40,"column":46},"end":{"line":52,"column":null}},"2":{"start":{"line":54,"column":37},"end":{"line":61,"column":null}}},"fnMap":{},"branchMap":{},"s":{"0":1,"1":1,"2":1},"f":{},"b":{},"meta":{"lastBranch":0,"lastFunction":0,"lastStatement":3,"seen":{"s:4:55:38:Infinity":0,"s:40:46:52:Infinity":1,"s:54:37:61:Infinity":2}}}
,"C:\\Users\\danes\\OneDrive\\Documents\\Code Projects\\clipless\\src\\main\\storage\\file-operations.ts": {"path":"C:\\Users\\danes\\OneDrive\\Documents\\Code Projects\\clipless\\src\\main\\storage\\file-operations.ts","statementMap":{"0":{"start":{"line":8,"column":19},"end":{"line":8,"column":null}},"1":{"start":{"line":10,"column":2},"end":{"line":39,"column":null}},"2":{"start":{"line":12,"column":21},"end":{"line":12,"column":null}},"3":{"start":{"line":15,"column":26},"end":{"line":15,"column":null}},"4":{"start":{"line":18,"column":4},"end":{"line":22,"column":null}},"5":{"start":{"line":19,"column":6},"end":{"line":19,"column":null}},"6":{"start":{"line":25,"column":4},"end":{"line":25,"column":null}},"7":{"start":{"line":26,"column":4},"end":{"line":26,"column":null}},"8":{"start":{"line":28,"column":4},"end":{"line":28,"column":null}},"9":{"start":{"line":31,"column":4},"end":{"line":35,"column":null}},"10":{"start":{"line":32,"column":6},"end":{"line":32,"column":null}},"11":{"start":{"line":37,"column":4},"end":{"line":37,"column":null}},"12":{"start":{"line":38,"column":4},"end":{"line":38,"column":null}},"13":{"start":{"line":46,"column":2},"end":{"line":67,"column":null}},"14":{"start":{"line":48,"column":4},"end":{"line":48,"column":null}},"15":{"start":{"line":51,"column":26},"end":{"line":51,"column":null}},"16":{"start":{"line":54,"column":28},"end":{"line":54,"column":null}},"17":{"start":{"line":55,"column":21},"end":{"line":55,"column":null}},"18":{"start":{"line":58,"column":4},"end":{"line":58,"column":null}},"19":{"start":{"line":60,"column":4},"end":{"line":66,"column":null}},"20":{"start":{"line":62,"column":6},"end":{"line":62,"column":null}},"21":{"start":{"line":64,"column":6},"end":{"line":64,"column":null}},"22":{"start":{"line":65,"column":6},"end":{"line":65,"column":null}},"23":{"start":{"line":74,"column":2},"end":{"line":74,"column":null}},"24":{"start":{"line":81,"column":2},"end":{"line":81,"column":null}}},"fnMap":{"0":{"name":"saveToFile","decl":{"start":{"line":7,"column":22},"end":{"line":7,"column":33}},"loc":{"start":{"line":7,"column":86},"end":{"line":40,"column":null}},"line":7},"1":{"name":"loadFromFile","decl":{"start":{"line":45,"column":22},"end":{"line":45,"column":35}},"loc":{"start":{"line":45,"column":76},"end":{"line":68,"column":null}},"line":45},"2":{"name":"ensureDataDirectory","decl":{"start":{"line":73,"column":22},"end":{"line":73,"column":42}},"loc":{"start":{"line":73,"column":75},"end":{"line":75,"column":null}},"line":73},"3":{"name":"isEncryptionAvailable","decl":{"start":{"line":80,"column":16},"end":{"line":80,"column":49}},"loc":{"start":{"line":80,"column":49},"end":{"line":82,"column":null}},"line":80}},"branchMap":{"0":{"loc":{"start":{"line":60,"column":4},"end":{"line":66,"column":null}},"type":"if","locations":[{"start":{"line":60,"column":4},"end":{"line":66,"column":null}},{"start":{"line":63,"column":11},"end":{"line":66,"column":null}}],"line":60}},"s":{"0":2,"1":2,"2":2,"3":2,"4":2,"5":2,"6":2,"7":1,"8":1,"9":1,"10":1,"11":1,"12":1,"13":2,"14":2,"15":1,"16":1,"17":1,"18":1,"19":1,"20":1,"21":0,"22":0,"23":1,"24":1},"f":{"0":2,"1":2,"2":1,"3":1},"b":{"0":[1,0]},"meta":{"lastBranch":1,"lastFunction":4,"lastStatement":25,"seen":{"f:7:22:7:33":0,"s:8:19:8:Infinity":0,"s:10:2:39:Infinity":1,"s:12:21:12:Infinity":2,"s:15:26:15:Infinity":3,"s:18:4:22:Infinity":4,"s:19:6:19:Infinity":5,"s:25:4:25:Infinity":6,"s:26:4:26:Infinity":7,"s:28:4:28:Infinity":8,"s:31:4:35:Infinity":9,"s:32:6:32:Infinity":10,"s:37:4:37:Infinity":11,"s:38:4:38:Infinity":12,"f:45:22:45:35":1,"s:46:2:67:Infinity":13,"s:48:4:48:Infinity":14,"s:51:26:51:Infinity":15,"s:54:28:54:Infinity":16,"s:55:21:55:Infinity":17,"s:58:4:58:Infinity":18,"b:60:4:66:Infinity:63:11:66:Infinity":0,"s:60:4:66:Infinity":19,"s:62:6:62:Infinity":20,"s:64:6:64:Infinity":21,"s:65:6:65:Infinity":22,"f:73:22:73:42":2,"s:74:2:74:Infinity":23,"f:80:16:80:49":3,"s:81:2:81:Infinity":24}}}
,"C:\\Users\\danes\\OneDrive\\Documents\\Code Projects\\clipless\\src\\main\\storage\\migration.ts": {"path":"C:\\Users\\danes\\OneDrive\\Documents\\Code Projects\\clipless\\src\\main\\storage\\migration.ts","statementMap":{"0":{"start":{"line":9,"column":32},"end":{"line":9,"column":null}},"1":{"start":{"line":12,"column":2},"end":{"line":17,"column":null}},"2":{"start":{"line":13,"column":4},"end":{"line":16,"column":null}},"3":{"start":{"line":15,"column":8},"end":{"line":15,"column":null}},"4":{"start":{"line":20,"column":2},"end":{"line":25,"column":null}},"5":{"start":{"line":21,"column":4},"end":{"line":24,"column":null}},"6":{"start":{"line":28,"column":2},"end":{"line":39,"column":null}},"7":{"start":{"line":29,"column":4},"end":{"line":38,"column":null}},"8":{"start":{"line":31,"column":8},"end":{"line":37,"column":null}},"9":{"start":{"line":42,"column":2},"end":{"line":54,"column":null}},"10":{"start":{"line":43,"column":4},"end":{"line":53,"column":null}},"11":{"start":{"line":45,"column":8},"end":{"line":52,"column":null}},"12":{"start":{"line":57,"column":2},"end":{"line":69,"column":null}},"13":{"start":{"line":58,"column":4},"end":{"line":68,"column":null}},"14":{"start":{"line":60,"column":8},"end":{"line":67,"column":null}},"15":{"start":{"line":72,"column":2},"end":{"line":74,"column":null}},"16":{"start":{"line":73,"column":4},"end":{"line":73,"column":null}},"17":{"start":{"line":76,"column":2},"end":{"line":76,"column":null}}},"fnMap":{"0":{"name":"migrateData","decl":{"start":{"line":7,"column":16},"end":{"line":7,"column":28}},"loc":{"start":{"line":7,"column":48},"end":{"line":77,"column":null}},"line":7},"1":{"name":"(anonymous_1)","decl":{"start":{"line":14,"column":6},"end":{"line":14,"column":7}},"loc":{"start":{"line":15,"column":8},"end":{"line":15,"column":null}},"line":15},"2":{"name":"(anonymous_2)","decl":{"start":{"line":30,"column":6},"end":{"line":30,"column":7}},"loc":{"start":{"line":31,"column":8},"end":{"line":37,"column":null}},"line":31},"3":{"name":"(anonymous_3)","decl":{"start":{"line":44,"column":6},"end":{"line":44,"column":7}},"loc":{"start":{"line":45,"column":8},"end":{"line":52,"column":null}},"line":45},"4":{"name":"(anonymous_4)","decl":{"start":{"line":59,"column":6},"end":{"line":59,"column":7}},"loc":{"start":{"line":60,"column":8},"end":{"line":67,"column":null}},"line":60}},"branchMap":{"0":{"loc":{"start":{"line":12,"column":2},"end":{"line":17,"column":null}},"type":"if","locations":[{"start":{"line":12,"column":2},"end":{"line":17,"column":null}},{"start":{},"end":{}}],"line":12},"1":{"loc":{"start":{"line":12,"column":6},"end":{"line":12,"column":47}},"type":"binary-expr","locations":[{"start":{"line":12,"column":6},"end":{"line":12,"column":20}},{"start":{"line":12,"column":20},"end":{"line":12,"column":47}}],"line":12},"2":{"loc":{"start":{"line":15,"column":8},"end":{"line":15,"column":null}},"type":"binary-expr","locations":[{"start":{"line":15,"column":8},"end":{"line":15,"column":22}},{"start":{"line":15,"column":22},"end":{"line":15,"column":60}},{"start":{"line":15,"column":60},"end":{"line":15,"column":null}}],"line":15},"3":{"loc":{"start":{"line":20,"column":2},"end":{"line":25,"column":null}},"type":"if","locations":[{"start":{"line":20,"column":2},"end":{"line":25,"column":null}},{"start":{},"end":{}}],"line":20},"4":{"loc":{"start":{"line":20,"column":6},"end":{"line":20,"column":58}},"type":"binary-expr","locations":[{"start":{"line":20,"column":6},"end":{"line":20,"column":23}},{"start":{"line":20,"column":23},"end":{"line":20,"column":58}}],"line":20},"5":{"loc":{"start":{"line":28,"column":2},"end":{"line":39,"column":null}},"type":"if","locations":[{"start":{"line":28,"column":2},"end":{"line":39,"column":null}},{"start":{},"end":{}}],"line":28},"6":{"loc":{"start":{"line":28,"column":6},"end":{"line":28,"column":55}},"type":"binary-expr","locations":[{"start":{"line":28,"column":6},"end":{"line":28,"column":24}},{"start":{"line":28,"column":24},"end":{"line":28,"column":55}}],"line":28},"7":{"loc":{"start":{"line":31,"column":8},"end":{"line":37,"column":null}},"type":"binary-expr","locations":[{"start":{"line":31,"column":8},"end":{"line":31,"column":null}},{"start":{"line":32,"column":8},"end":{"line":32,"column":null}},{"start":{"line":33,"column":8},"end":{"line":33,"column":null}},{"start":{"line":34,"column":8},"end":{"line":34,"column":null}},{"start":{"line":35,"column":8},"end":{"line":35,"column":null}},{"start":{"line":36,"column":8},"end":{"line":36,"column":null}},{"start":{"line":37,"column":8},"end":{"line":37,"column":null}}],"line":31},"8":{"loc":{"start":{"line":42,"column":2},"end":{"line":54,"column":null}},"type":"if","locations":[{"start":{"line":42,"column":2},"end":{"line":54,"column":null}},{"start":{},"end":{}}],"line":42},"9":{"loc":{"start":{"line":42,"column":6},"end":{"line":42,"column":59}},"type":"binary-expr","locations":[{"start":{"line":42,"column":6},"end":{"line":42,"column":26}},{"start":{"line":42,"column":26},"end":{"line":42,"column":59}}],"line":42},"10":{"loc":{"start":{"line":45,"column":8},"end":{"line":52,"column":null}},"type":"binary-expr","locations":[{"start":{"line":45,"column":8},"end":{"line":45,"column":null}},{"start":{"line":46,"column":8},"end":{"line":46,"column":null}},{"start":{"line":47,"column":8},"end":{"line":47,"column":null}},{"start":{"line":48,"column":8},"end":{"line":48,"column":null}},{"start":{"line":49,"column":8},"end":{"line":49,"column":null}},{"start":{"line":50,"column":8},"end":{"line":50,"column":null}},{"start":{"line":51,"column":8},"end":{"line":51,"column":null}},{"start":{"line":52,"column":8},"end":{"line":52,"column":null}}],"line":45},"11":{"loc":{"start":{"line":57,"column":2},"end":{"line":69,"column":null}},"type":"if","locations":[{"start":{"line":57,"column":2},"end":{"line":69,"column":null}},{"start":{},"end":{}}],"line":57},"12":{"loc":{"start":{"line":57,"column":6},"end":{"line":57,"column":57}},"type":"binary-expr","locations":[{"start":{"line":57,"column":6},"end":{"line":57,"column":25}},{"start":{"line":57,"column":25},"end":{"line":57,"column":57}}],"line":57},"13":{"loc":{"start":{"line":60,"column":8},"end":{"line":67,"column":null}},"type":"binary-expr","locations":[{"start":{"line":60,"column":8},"end":{"line":60,"column":
[...]
column":68},"end":{"line":82,"column":null}},"line":77},"6":{"name":"(anonymous_6)","decl":{"start":{"line":92,"column":12},"end":{"line":92,"column":18}},"loc":{"start":{"line":92,"column":18},"end":{"line":100,"column":5}},"line":92},"7":{"name":"(anonymous_7)","decl":{"start":{"line":96,"column":25},"end":{"line":96,"column":31}},"loc":{"start":{"line":96,"column":31},"end":{"line":96,"column":null}},"line":96},"8":{"name":"(anonymous_8)","decl":{"start":{"line":99,"column":11},"end":{"line":99,"column":17}},"loc":{"start":{"line":99,"column":17},"end":{"line":99,"column":null}},"line":99},"9":{"name":"(anonymous_9)","decl":{"start":{"line":102,"column":19},"end":{"line":102,"column":26}},"loc":{"start":{"line":102,"column":46},"end":{"line":118,"column":null}},"line":102},"10":{"name":"(anonymous_10)","decl":{"start":{"line":131,"column":24},"end":{"line":131,"column":48}},"loc":{"start":{"line":131,"column":48},"end":{"line":137,"column":null}},"line":131}},"branchMap":{"0":{"loc":{"start":{"line":35,"column":4},"end":{"line":39,"column":null}},"type":"if","locations":[{"start":{"line":35,"column":4},"end":{"line":39,"column":null}},{"start":{"line":37,"column":11},"end":{"line":39,"column":null}}],"line":35},"1":{"loc":{"start":{"line":36,"column":22},"end":{"line":36,"column":null}},"type":"cond-expr","locations":[{"start":{"line":36,"column":82},"end":{"line":36,"column":91}},{"start":{"line":36,"column":91},"end":{"line":36,"column":null}}],"line":36},"2":{"loc":{"start":{"line":44,"column":4},"end":{"line":50,"column":null}},"type":"if","locations":[{"start":{"line":44,"column":4},"end":{"line":50,"column":null}},{"start":{"line":47,"column":11},"end":{"line":50,"column":null}}],"line":44},"3":{"loc":{"start":{"line":56,"column":6},"end":{"line":56,"column":null}},"type":"if","locations":[{"start":{"line":56,"column":6},"end":{"line":56,"column":null}},{"start":{},"end":{}}],"line":56},"4":{"loc":{"start":{"line":60,"column":26},"end":{"line":60,"column":null}},"type":"binary-expr","locations":[{"start":{"line":60,"column":26},"end":{"line":60,"column":45}},{"start":{"line":60,"column":45},"end":{"line":60,"column":null}}],"line":60},"5":{"loc":{"start":{"line":75,"column":4},"end":{"line":75,"column":null}},"type":"if","locations":[{"start":{"line":75,"column":4},"end":{"line":75,"column":null}},{"start":{},"end":{}}],"line":75},"6":{"loc":{"start":{"line":78,"column":6},"end":{"line":81,"column":null}},"type":"if","locations":[{"start":{"line":78,"column":6},"end":{"line":81,"column":null}},{"start":{},"end":{}}],"line":78},"7":{"loc":{"start":{"line":93,"column":4},"end":{"line":93,"column":null}},"type":"if","locations":[{"start":{"line":93,"column":4},"end":{"line":93,"column":null}},{"start":{},"end":{}}],"line":93},"8":{"loc":{"start":{"line":107,"column":4},"end":{"line":117,"column":null}},"type":"if","locations":[{"start":{"line":107,"column":4},"end":{"line":117,"column":null}},{"start":{},"end":{}}],"line":107},"9":{"loc":{"start":{"line":133,"column":2},"end":{"line":135,"column":null}},"type":"if","locations":[{"start":{"line":133,"column":2},"end":{"line":135,"column":null}},{"start":{},"end":{}}],"line":133}},"s":{"0":1,"1":1,"2":5,"3":5,"4":5,"5":4,"6":3,"7":1,"8":4,"9":4,"10":4,"11":4,"12":0,"13":0,"14":5,"15":3,"16":3,"17":0,"18":3,"19":3,"20":3,"21":3,"22":3,"23":0,"24":0,"25":3,"26":5,"27":3,"28":0,"29":3,"30":0,"31":0,"32":0,"33":3,"34":3,"35":5,"36":5,"37":1,"38":4,"39":4,"40":0,"41":4,"42":4,"43":4,"44":5,"45":1,"46":1,"47":1,"48":1,"49":1,"50":1,"51":0,"52":5,"53":5,"54":1,"55":8,"56":8,"57":2,"58":5},"f":{"0":5,"1":4,"2":3,"3":3,"4":3,"5":0,"6":5,"7":0,"8":4,"9":1,"10":8},"b":{"0":[3,1],"1":[0,3],"2":[4,0],"3":[0,3],"4":[3,0],"5":[0,3],"6":[0,0],"7":[1,4],"8":[1,0],"9":[2,6]},"meta":{"lastBranch":10,"lastFunction":11,"lastStatement":59,"seen":{"s:21:6:21:Infinity":0,"s:27:59:129:Infinity":1,"f:27:59:27:60":0,"s:28:29:28:Infinity":2,"s:29:42:29:Infinity":3,"s:32:8:51:Infinity":4,"f:32:43:32:44":1,"b:35:4:39:Infinity:37:11:39:Infinity":0,"s:35:4:39:Infinity":5,"s:36:6:36:Infinity":6,"b:36:82:36:91:36:91:36:Infinity":1,"s:38:6:38:Infinity":7,"s:41:4:41:Infinity":8,"b:44:4:50:Infinity:47:11:50:Infinity":2,"s:44:4:50:Infinity":9,"s:45:6:45:Infinity":10,"s:46:6:46:Infinity":11,"s:48:6:48:Infinity":12,"s:49:6:49:Infinity":13,"s:54:2:71:Infinity":14,"f:54:12:54:18":2,"s:55:22:68:Infinity":15,"f:55:22:55:34":3,"b:56:6:56:Infinity:undefined:undefined:undefined:undefined":3,"s:56:6:56:Infinity":16,"s:56:23:56:Infinity":17,"s:58:6:67:Infinity":18,"s:59:39:59:Infinity":19,"s:60:26:60:Infinity":20,"b:60:26:60:45:60:45:60:Infinity":4,"s:61:8:61:Infinity":21,"s:62:8:62:Infinity":22,"s:64:8:64:Infinity":23,"s:66:8:66:Infinity":24,"s:70:4:70:Infinity":25,"s:74:2:89:Infinity":26,"f:74:12:74:18":4,"b:75:4:75:Infinity:undefined:undefined:undefined:undefined":5,"s:75:4:75:Infinity":27,"s:75:40:75:Infinity":28,"s:77:33:82:Infinity":29,"f:77:33:77:34":5,"b:78:6:81:Infinity:undefined:undefined:undefined:undefined":6,"s:78:6:81:Infinity":30,"s:79:8:79:Infinity":31,"s:80:8:80:Infinity":32,"s:85:20:85:Infinity":33,"s:88:4:88:Infinity":34,"s:92:2:100:Infinity":35,"f:92:12:92:18":6,"b:93:4:93:Infinity:undefined:undefined:undefined:undefined":7,"s:93:4:93:Infinity":36,"s:93:28:93:Infinity":37,"s:95:23:95:Infinity":38,"s:96:25:96:Infinity":39,"f:96:25:96:31":7,"s:96:31:96:Infinity":40,"s:98:4:98:Infinity":41,"s:99:4:99:Infinity":42,"f:99:11:99:17":8,"s:99:17:99:Infinity":43,"s:102:19:118:Infinity":44,"f:102:19:102:26":9,"s:103:4:103:Infinity":45,"s:104:4:104:Infinity":46,"b:107:4:117:Infinity:undefined:undefined:undefined:undefined":8,"s:107:4:117:Infinity":47,"s:108:6:116:Infinity":48,"s:109:46:109:Infinity":49,"s:110:8:113:Infinity":50,"s:115:8:115:Infinity":51,"s:120:41:126:Infinity":52,"s:128:2:128:Infinity":53,"s:131:24:137:Infinity":54,"f:131:24:131:48":10,"s:132:8:132:Infinity":55,"b:133:2:135:Infinity:undefined:undefined:undefined:undefined":9,"s:133:2:135:Infinity":56,"s:134:4:134:Infinity":57,"s:136:2:136:Infinity":58}}}
,"C:\\Users\\danes\\OneDrive\\Documents\\Code Projects\\clipless\\src\\renderer\\src\\utils\\languageDetection.ts": {"path":"C:\\Users\\danes\\OneDrive\\Documents\\Code Projects\\clipless\\src\\renderer\\src\\utils\\languageDetection.ts","statementMap":{"0":{"start":{"line":37,"column":45},"end":{"line":361,"column":null}},"1":{"start":{"line":369,"column":2},"end":{"line":372,"column":null}},"2":{"start":{"line":371,"column":4},"end":{"line":371,"column":null}},"3":{"start":{"line":374,"column":41},"end":{"line":374,"column":null}},"4":{"start":{"line":377,"column":2},"end":{"line":379,"column":null}},"5":{"start":{"line":378,"column":4},"end":{"line":378,"column":null}},"6":{"start":{"line":381,"column":20},"end":{"line":381,"column":null}},"7":{"start":{"line":383,"column":2},"end":{"line":414,"column":null}},"8":{"start":{"line":384,"column":16},"end":{"line":384,"column":null}},"9":{"start":{"line":387,"column":4},"end":{"line":393,"column":null}},"10":{"start":{"line":388,"column":20},"end":{"line":388,"column":null}},"11":{"start":{"line":389,"column":22},"end":{"line":389,"column":null}},"12":{"start":{"line":390,"column":6},"end":{"line":392,"column":null}},"13":{"start":{"line":391,"column":8},"end":{"line":391,"column":null}},"14":{"start":{"line":396,"column":4},"end":{"line":401,"column":null}},"15":{"start":{"line":397,"column":22},"end":{"line":397,"column":null}},"16":{"start":{"line":398,"column":6},"end":{"line":400,"column":null}},"17":{"start":{"line":399,"column":8},"end":{"line":399,"column":null}},"18":{"start":{"line":404,"column":4},"end":{"line":408,"column":null}},"19":{"start":{"line":405,"column":6},"end":{"line":407,"column":null}},"20":{"start":{"line":406,"column":8},"end":{"line":406,"column":null}},"21":{"start":{"line":411,"column":4},"end":{"line":411,"column":null}},"22":{"start":{"line":413,"column":4},"end":{"line":413,"column":null}},"23":{"start":{"line":417,"column":17},"end":{"line":417,"column":null}},"24":{"start":{"line":418,"column":40},"end":{"line":418,"column":null}},"25":{"start":{"line":420,"column":2},"end":{"line":426,"column":null}},"26":{"start":{"line":421,"column":4},"end":{"line":425,"column":null}},"27":{"start":{"line":423,"column":6},"end":{"line":423,"column":null}},"28":{"start":{"line":424,"column":6},"end":{"line":424,"column":null}},"29":{"start":{"line":428,"column":2},"end":{"line":428,"column":null}},"30":{"start":{"line":437,"column":2},"end":{"line":440,"column":null}},"31":{"start":{"line":439,"column":4},"end":{"line":439,"column":null}},"32":{"start":{"line":443,"column":2},"end":{"line":445,"column":null}},"33":{"start":{"line":444,"column":4},"end":{"line":444,"column":null}},"34":{"start":{"line":448,"column":25},"end":{"line":474,"column":null}},"35":{"start":{"line":476,"column":23},"end":{"line":476,"column":null}},"36":{"start":{"line":477,"column":21},"end":{"line":477,"column":null}},"37":{"start":{"line":479,"column":2},"end":{"line":485,"column":null}},"38":{"start":{"line":480,"column":20},"end":{"line":480,"column":null}},"39":{"start":{"line":481,"column":4},"end":{"line":484,"column":null}},"40":{"start":{"line":482,"column":6},"end":{"line":482,"column":null}},"41":{"start":{"line":483,"column":6},"end":{"line":483,"column":null}},"42":{"start":{"line":488,"column":21},"end":{"line":488,"column":null}},"43":{"start":{"line":490,"column":2},"end":{"line":499,"column":null}},"44":{"start":{"line":492,"column":4},"end":{"line":492,"column":null}},"45":{"start":{"line":493,"column":2},"end":{"line":499,"column":null}},"46":{"start":{"line":495,"column":4},"end":{"line":495,"column":null}},"47":{"start":{"line":498,"column":4},"end":{"line":498,"column":null}},"48":{"start":{"line":507,"column":27},"end":{"line":518,"column":null}},"49":{"start":{"line":520,"column":2},"end":{"line":520,"column":null}},"50":{"start":{"line":520,"column":44},"end":{"line":520,"column":62}},"51":{"start":{"line":527,"column":46},"end":{"line":542,"column":null}},"52":{"start":{"line":544,"column":2},"end":{"line":544,"column":null}}},"fnMap":{"0":{"name":"detectLanguage","decl":{"start":{"line":368,"column":16},"end":{"line":368,"column":31}},"loc":{"start":{"line":368,"column":60},"end":{"line":429,"column":null}},"line":368},"1":{"name":"(anonymous_1)","decl":{"start":{"line":377,"column":28},"end":{"line":377,"column":29}},"loc":{"start":{"line":377,"column":38},"end":{"line":379,"column":3}},"line":377},"2":{"name":"(anonymous_2)","decl":{"start":{"line":383,"column":28},"end":{"line":383,"column":29}},"loc":{"start":{"line":383,"column":38},"end":{"line":414,"column":3}},"line":383},"3":{"name":"(anonymous_3)","decl":{"start":{"line":387,"column":26},"end":{"line":387,"column":27}},"loc":{"start":{"line":387,"column":39},"end":{"line":393,"column":5}},"line":387},"4":{"name":"(anonymous_4)","decl":{"start":{"line":396,"column":26},"end":{"line":396,"column":27}},"loc":{"start":{"line":396,"column":39},"end":{"line":401,"column":5}},"line":396},"5":{"name":"(anonymous_5)","decl":{"start":{"line":404,"column":28},"end":{"line":404,"column":29}},"loc":{"start":{"line":404,"column":37},"end":{"line":408,"column":5}},"line":404},"6":{"name":"(anonymous_6)","decl":{"start":{"line":420,"column":33},"end":{"line":420,"column":34}},"loc":{"start":{"line":420,"column":52},"end":{"line":426,"column":3}},"line":420},"7":{"name":"isCode","decl":{"start":{"line":436,"column":16},"end":{"line":436,"column":23}},"loc":{"start":{"line":436,"column":46},"end":{"line":500,"column":null}},"line":436},"8":{"name":"(anonymous_8)","decl":{"start":{"line":479,"column":25},"end":{"line":479,"column":26}},"loc":{"start":{"line":479,"column":38},"end":{"line":485,"column":3}},"line":479},"9":{"name":"hasStrongCodeIndicators","decl":{"start":{"line":506,"column":9},"end":{"line":506,"column":33}},"loc":{"start":{"line":506,"column":56},"end":{"line":521,"column":null}},"line":506},"10":{"name":"(anonymous_10)","decl":{"start":{"line":520,"column":31},"end":{"line":520,"column":32}},"loc":{"start":{"line":520,"column":44},"end":{"line":520,"column":62}},"line":520},"11":{"name":"mapToSyntaxHighlighterLanguage","decl":{"start":{"line":526,"column":16},"end":{"line":526,"column":47}},"loc":{"start":{"line":526,"column":81},"end":{"line":545,"column":null}},"line":526}},"branchMap":{"0":{"loc":{"start":{"line":369,"column":2},"end":{"line":372,"column":null}},"type":"if","locations":[{"start":{"line":369,"column":2},"end":{"line":372,"column":null}},{"start":{},"end":{}}],"line":369},"1":{"loc":{"start":{"line":369,"column":6},"end":{"line":369,"column":39}},"type":"binary-expr","locations":[{"start":{"line":369,"column":6},"end":{"line":369,"column":15}},{"start":{"line":369,"column":15},"end":{"line":369,"column":39}}],"line":369},"2":{"loc":{"start":{"line":390,"column":6},"end":{"line":392,"column":null}},"type":"if","locations":[{"start":{"line":390,"column":6},"end":{"line":392,"column":null}},{"start":{},"end":{}}],"line":390},"3":{"loc":{"start":{"line":398,"column":6},"end":{"line":400,"column":null}},"type":"if","locations":[{"start":{"line":398,"column":6},"end":{"line":400,"column":null}},{"start":{},"end":{}}],"line":398},"4":{"loc":{"start":{"line":405,"column":6},"end":{"line":407,"column":null}},"type":"if","locations":[{"start":{"line":405,"column":6},"end":{"line":407,"column":null}},{"start":{},"end":{}}],"line":405},"5":{"loc":{"start":{"line":421,"column":4},"end":{"line":425,"column":null}},"type":"if","locations":[{"start":{"line":421,"column":4},"end":{"line":425,"column":null}},{"start":{},"end":{}}],"line":421},"6":{"loc":{"start":{"line":421,"column":8},"end":{"line":421,"column":39}},"type":"binary-expr","locations":[{"start":{"line":421,"column":8},"end":{"line":421,"column":28}},{"start":{"line":421,"column":28},"end":{"line":421,"column":39}}],"line":421},"7":{"loc":{"start":{"line":437,"column":2},"end":{"line":440,"column":null}},"type":"if","locations":[{"start":{"line":437,"column":2},"end":{"line":440,"column":null}},{"start":{},"end":{}}],"line":437},"8":{"loc":{"start":{"line":437,"column":6},"end":{"line":437,"column":39}},"type":"binary-expr","locations":[{"start":{"line":437,"column":6},"end":{"line":437,"column":15}},{"start":{"line":437,"column":15},"end":{"line":437,"column":39}}],"line":437},"9":{"loc":{"start":{"line":443,"column":2},"end":{"line":445,"column":null}},"type":"if","locations":[{"start":{"line":443,"column":2},"end":{"line":445,"column":null}},{"start":{},"end":{}}],"line":443},"10":{"loc":{"start":{"line":481,"column":4},"end":{"line":484,"column":null}},"type":"if","locations":[{"start":{"line":481,"column":4},"end":{"line":484,"column":null}},{"start":{},"end":{}}],"line":481},"11":{"loc":{"start":{"line":490,"column":2},"end":{"line":499,"column":null}},"type":"if","locations":[{"start":{"line":490,"column":2},"end":{"line":499,"column":null}},{"start":{"line":493,"column":2},"end":{"line":499,"column":null}}],"line":490},"12":{"loc":{"start":{"line":492,"column":11},"end":{"line":492,"column":null}},"type":"binary-expr","locations":[{"start":{"line":492,"column":11},"end":{"line":492,"column":34}},{"start":{"line":492,"column":34},"end":{"line":492,"column":null}}],"line":492},"13":{"loc":{"start":{"line":493,"column":2},"end":{"line":499,"column":null}},"type":"if","locations":[{"start":{"line":493,"column":2},"end":{"line":499,"column":null}},{"start":{"line":496,"column":9},"end":{"line":499,"column":null}}],"line":493},"14":{"loc":{"start":{"line":495,"column":11},"end":{"line":495,"column":null}},"type":"binary-expr","locations":[{"start":{"line":495,"column":11},"end":{"line":495,"column":34}},{"start":{"line":495,"column":34},"end":{"line":495,"column":null}}],"line":495},"15":{"loc":{"start":{"line":498,"column":11},"end":{"line":498,"column":null}},"type":"binary-expr","locations":[{"start":{"line":498,"column":11},"end":{"line":498,"column":34}},{"start":{"line":498,"column":34},"end":{"line":498,"column":null}}],"line":498},"16":{"loc":{"start":{"line":544,"column":9},"end":{"line":544,"column":null}},"type":"binary-expr","locations":[{"start":{"line":544,"column":9},"end":{"line":544,"column":42}},{"start":{"line":544,"column":42},"end":{"line":544,"column":null}}],"line":544}},"s":{"0":2,"1":8,"2":2,"3":6,"4":6,"5":84,"6":6,"7":6,"8":84,"9":84,"10":792,"11":792,"12":792,"13":21,"14":84,"15":606,"16":606,"17":23,"18":84,"19":156,"20":0,"21":84,"22":84,"23":6,"24":6,"25":6,"26":84,"27":9,"28":9,"29":6,"30":6,"31":2,"32":4,"33":3,"34":1,"35":1,"36":1,"37":1,"38":25,"39":25,"40":0,"41":0,"42":1,"43":1,"44":0,"45":1,"46":1,"47":0,"48":4,"49":4,"50":22,"51":16,"52":16},"f":{"0":8,"1":84,"2":84,"3":792,"4":606,"5":156,"6":84,"7":6,"8":25,"9":4,"10":22,"11":16},"b":{"0":[2,6],"1":[8,7],"2":[21,771],"3":[23,583],"4":[0,156],"5":[9,75],"6":[84,9],"7":[2,4],"8":[6,5],"9":[3,1],"10":[0,25],"11":[0,1],"12":[0,0],"13":[1,0],"14":[1,1],"15":[0,0],"16":[16,1]},"meta":{"lastBranch":17,"lastFunction":12,"lastStatement":53,"seen":{"s:37:45:361:Infinity":0,"f:368:16:368:31":0,"b:369:2:372:Infinity:undefined:undefined:undefined:undefined":0,"s:369:2:372:Infinity":1,"b:369:6:369:15:369:15:369:39":1,"s:371:4:371:Infinity":2,"s:374:41:374:Infinity":3,"s:377:2:379:Infinity":4,"f:377:28:377:29":1,"s:378:4:378:Infinity":5,"s:381:20:381:Infinity":6,"s:383:2:414:Infinity":7,"f:383:28:383:29":2,"s:384:16:384:Infinity":8,"s:387:4:393:Infinity":9,"f:387:26:387:27":3,"s:388:20:388:Infinity":10,"s:389:22:389:Infinity":11,"b:390:6:392:Infinity:undefined:undefined:undefined:undefined":2,"s:390:6:392:Infinity":12,"s:391:8:391:Infinity":13,"s:396:4:401:Infinity":14,"f:396:26:396:27":4,"s:397:22:397:Infinity":15,"b:398:6:400:Infinity:undefined:undefined:undefined:undefined":3,"s:398:6:400:Infinity":16,"s:399:8:399:Infinity":17,"s:404:4:408:Infinity":18,"f:404:28:404:29":5,"b:405:6:407:Infinity:undefined:undefined:undefined:undefined":4,"s:405:6:407:Infinity":19,"s:406:8:406:Infinity":20,"s:411:4:411:Infinity":21,"s:413:4:413:Infinity":22,"s:417:17:417:Infinity":23,"s:418:40:418:Infinity":24,"s:420:2:426:Infinity":25,"f:420:33:420:34":6,"b:421:4:425:Infinity:undefined:undefined:undefined:undefined":5,"s:421:4:425:Infinity":26,"b:421:8:421:28:421:28:421:39":6,"s:423:6:423:Infinity":27,"s:424:6:424:Infinity":28,"s:428:2:428:Infinity":29,"f:436:16:436:23":7,"b:437:2:440:Infinity:undefined:undefined:undefined:undefined":7,"s:437:2:440:Infinity":30,"b:437:6:437:15:437:15:437:39":8,"s:439:4:439:Infinity":31,"b:443:2:445:Infinity:undefined:undefined:undefined:undefined":9,"s:443:2:445:Infinity":32,"s:444:4:444:Infinity":33,"s:448:25:474:Infinity":34,"s:476:23:476:Infinity":35,"s:477:21:477:Infinity":36,"s:479:2:485:Infinity":37,"f:479:25:479:26":8,"s:480:20:480:Infinity":38,"b:481:4:484:Infinity:undefined:undefined:undefined:undefined":10,"s:481:4:484:Infinity":39,"s:482:6:482:Infinity":40,"s:483:6:483:Infinity":41,"s:488:21:488:Infinity":42,"b:490:2:499:Infinity:493:2:499:Infinity":11,"s:490:2:499:Infinity":43,"s:492:4:492:Infinity":44,"b:492:11:492:34:492:34:492:Infinity":12,"b:493:2:499:Infinity:496:9:499:Infinity":13,"s:493:2:499:Infinity":45,"s:495:4:495:Infinity":46,"b:495:11:495:34:495:34:495:Infinity":14,"s:498:4:498:Infinity":47,"b:498:11:498:34:498:34:498:Infinity":15,"f:506:9:506:33":9,"s:507:27:518:Infinity":48,"s:520:2:520:Infinity":49,"f:520:31:520:32":10,"s:520:44:520:62":50,"f:526:16:526:47":11,"s:527:46:542:Infinity":51,"s:544:2:544:Infinity":52,"b:544:9:544:42:544:42:544:Infinity":16}}}
,"C:\\Users\\danes\\OneDrive\\Documents\\Code Projects\\clipless\\src\\shared\\constants.ts": {"path":"C:\\Users\\danes\\OneDrive\\Documents\\Code Projects\\clipless\\src\\shared\\constants.ts","statementMap":{"0":{"start":{"line":1,"column":33},"end":{"line":1,"column":36}}},"fnMap":{},"branchMap":{},"s":{"0":1},"f":{},"b":{},"meta":{"lastBranch":0,"lastFunction":0,"lastStatement":1,"seen":{"s:1:33:1:36":0}}}
}
